ECS 오토스케일러 초기화 중...
클러스터: apdev-ecs-cluster
ASG: apdev-ecs-asg
⚠️ ASG 설정 실패: An error occurred (ValidationError) when calling the UpdateAutoScalingGroup operation: AutoScalingGroup name not found - null
📋 로그 그룹 확인 중...
  ✅ product-svc: /ecs/logs/product
  ✅ stress-svc: /ecs/logs/stress
  ✅ user-svc: /ecs/logs/user
=== ECS 이중 메트릭 오토스케일러 시작 (개선 버전) ===
클러스터: apdev-ecs-cluster
ASG: apdev-ecs-asg
모니터링 서비스: ['product-svc', 'stress-svc', 'user-svc']
조건: 응답시간 & CPU 모두 초과시 스케일링 (2회 연속)

================================================================================
🔄 사이클 #1 - 2025-09-14 16:30:18
================================================================================
💻 EC2 인스턴스: 0/0개 실행 중

--- product-svc 모니터링 (16:30:18) ---
  📊 product-svc: 원하는 1, 실행중 1, 대기중 0
  🔄 메트릭 수집 시작...
  🔍 CPU 메트릭 조회: product-svc
  📋 로그 조회: /ecs/logs/product
    쿼리 ID: fd7d6a35-b48c-4a78-9c62-9fa6f1213828
    ECS 서비스 메트릭 시도...
    ECS 서비스 메트릭: 데이터 없음
  ⚠️ CPU 메트릭 없음 - 기본값 60% 사용
  📊 로그 엔트리 수: 6
  ⚠️ 응답시간 패턴 매칭 실패 - 샘플 로그 확인:
    로그 1: [GIN] 2025/09/14 - 07:28:25 | 200 |      57.668µs |       10.0.1.90 | GET      "/healthcheck"
    로그 2: [GIN] 2025/09/14 - 07:28:25 | 200 |      27.001µs |      10.0.0.153 | GET      "/healthcheck"
    로그 3: [GIN] 2025/09/14 - 07:27:55 | 200 |      27.177µs |       10.0.1.90 | GET      "/healthcheck"
    로그 4: [GIN] 2025/09/14 - 07:27:55 | 200 |      30.259µs |      10.0.0.153 | GET      "/healthcheck"
    로그 5: [GIN] 2025/09/14 - 07:27:25 | 200 |       25.97µs |       10.0.1.90 | GET      "/healthcheck"
  ⚠️ 기본 응답시간 0.25초 사용
  ✅ 메트릭 수집 완료
  📊 현재 상태: 1개 태스크
  🟢 응답시간: 0.2500s (임계: 0.3s)
  🟢 CPU 사용률: 60.0% (임계: 70%)

--- stress-svc 모니터링 (16:30:19) ---
  📊 stress-svc: 원하는 1, 실행중 1, 대기중 0
  🔄 메트릭 수집 시작...
  🔍 CPU 메트릭 조회: stress-svc
  📋 로그 조회: /ecs/logs/stress
    쿼리 ID: 45430816-86e0-490d-9b28-272417e62752
    ECS 서비스 메트릭 시도...
    ECS 서비스 메트릭: 데이터 없음
  ⚠️ CPU 메트릭 없음 - 기본값 60% 사용
  📊 로그 엔트리 수: 4
  ⚠️ 응답시간 패턴 매칭 실패 - 샘플 로그 확인:
    로그 1: [GIN] 2025/09/14 - 07:28:11 | 200 |      89.175µs |      10.0.0.153 | GET      "/healthcheck"
    로그 2: [GIN] 2025/09/14 - 07:28:11 | 200 |     184.069µs |       10.0.1.90 | GET      "/healthcheck"
    로그 3: [GIN] 2025/09/14 - 07:27:41 | 200 |      69.402µs |      10.0.0.153 | GET      "/healthcheck"
    로그 4: [GIN] 2025/09/14 - 07:27:41 | 200 |     137.893µs |       10.0.1.90 | GET      "/healthcheck"
  ⚠️ 기본 응답시간 0.25초 사용
  ✅ 메트릭 수집 완료
  📊 현재 상태: 1개 태스크
  🟢 응답시간: 0.2500s (임계: 0.5s)
  🟢 CPU 사용률: 60.0% (임계: 80%)

--- user-svc 모니터링 (16:30:20) ---
  📊 user-svc: 원하는 1, 실행중 1, 대기중 0
  🔄 메트릭 수집 시작...
  🔍 CPU 메트릭 조회: user-svc  📋 로그 조회: /ecs/logs/user

    ECS 서비스 메트릭 시도...
    쿼리 ID: badd5f08-07de-42c5-b940-cbc872235410
    ECS 서비스 메트릭: 데이터 없음
  ⚠️ CPU 메트릭 없음 - 기본값 60% 사용
  📊 로그 엔트리 수: 6
  ⚠️ 응답시간 패턴 매칭 실패 - 샘플 로그 확인:
    로그 1: [GIN] 2025/09/14 - 07:29:19 | 200 |      40.688µs |       10.0.1.90 | GET      "/healthcheck"
    로그 2: [GIN] 2025/09/14 - 07:28:49 | 200 |      27.084µs |      10.0.0.153 | GET      "/healthcheck"
    로그 3: [GIN] 2025/09/14 - 07:28:19 | 200 |      46.664µs |       10.0.1.90 | GET      "/healthcheck"
    로그 4: [GIN] 2025/09/14 - 07:28:19 | 200 |      27.223µs |      10.0.0.153 | GET      "/healthcheck"
    로그 5: [GIN] 2025/09/14 - 07:27:49 | 200 |      34.163µs |       10.0.1.90 | GET      "/healthcheck"
  ⚠️ 기본 응답시간 0.25초 사용
  ✅ 메트릭 수집 완료
  📊 현재 상태: 1개 태스크
  🟢 응답시간: 0.2500s (임계: 0.3s)
  🟢 CPU 사용률: 60.0% (임계: 70%)

⏰ 다음 체크까지 5초 대기...

================================================================================
🔄 사이클 #2 - 2025-09-14 16:30:25
================================================================================
💻 EC2 인스턴스: 0/0개 실행 중

--- product-svc 모니터링 (16:30:25) ---
  📊 product-svc: 원하는 1, 실행중 1, 대기중 0
  🔄 메트릭 수집 시작...
  🔍 CPU 메트릭 조회: product-svc
  📋 로그 조회: /ecs/logs/product
    쿼리 ID: c06549a9-0c61-4e07-93f8-babdacfa170a
    ECS 서비스 메트릭 시도...
    ECS 서비스 메트릭: 데이터 없음
  ⚠️ CPU 메트릭 없음 - 기본값 60% 사용
  📊 로그 엔트리 수: 6
  ⚠️ 응답시간 패턴 매칭 실패 - 샘플 로그 확인:
    로그 1: [GIN] 2025/09/14 - 07:28:25 | 200 |      57.668µs |       10.0.1.90 | GET      "/healthcheck"
    로그 2: [GIN] 2025/09/14 - 07:28:25 | 200 |      27.001µs |      10.0.0.153 | GET      "/healthcheck"
    로그 3: [GIN] 2025/09/14 - 07:27:55 | 200 |      27.177µs |       10.0.1.90 | GET      "/healthcheck"
    로그 4: [GIN] 2025/09/14 - 07:27:55 | 200 |      30.259µs |      10.0.0.153 | GET      "/healthcheck"
    로그 5: [GIN] 2025/09/14 - 07:27:25 | 200 |       25.97µs |       10.0.1.90 | GET      "/healthcheck"
  ⚠️ 기본 응답시간 0.25초 사용
  ✅ 메트릭 수집 완료
  📊 현재 상태: 1개 태스크
  🟢 응답시간: 0.2500s (임계: 0.3s)
  🟢 CPU 사용률: 60.0% (임계: 70%)

--- stress-svc 모니터링 (16:30:26) ---
  📊 stress-svc: 원하는 1, 실행중 1, 대기중 0
  🔄 메트릭 수집 시작...
  🔍 CPU 메트릭 조회: stress-svc
  📋 로그 조회: /ecs/logs/stress
    ECS 서비스 메트릭 시도...
    ECS 서비스 메트릭: 데이터 없음
    쿼리 ID: fdb5859c-131c-4047-b329-17a26da43f6e  ⚠️ CPU 메트릭 없음 - 기본값 60% 사용

  📊 로그 엔트리 수: 4
  ⚠️ 응답시간 패턴 매칭 실패 - 샘플 로그 확인:
    로그 1: [GIN] 2025/09/14 - 07:28:11 | 200 |      89.175µs |      10.0.0.153 | GET      "/healthcheck"
    로그 2: [GIN] 2025/09/14 - 07:28:11 | 200 |     184.069µs |       10.0.1.90 | GET      "/healthcheck"
    로그 3: [GIN] 2025/09/14 - 07:27:41 | 200 |      69.402µs |      10.0.0.153 | GET      "/healthcheck"
    로그 4: [GIN] 2025/09/14 - 07:27:41 | 200 |     137.893µs |       10.0.1.90 | GET      "/healthcheck"
  ⚠️ 기본 응답시간 0.25초 사용
  ✅ 메트릭 수집 완료
  📊 현재 상태: 1개 태스크
  🟢 응답시간: 0.2500s (임계: 0.5s)
  🟢 CPU 사용률: 60.0% (임계: 80%)

--- user-svc 모니터링 (16:30:27) ---
  📊 user-svc: 원하는 1, 실행중 1, 대기중 0
  🔄 메트릭 수집 시작...
  🔍 CPU 메트릭 조회: user-svc
  📋 로그 조회: /ecs/logs/user
    쿼리 ID: 996eb6c6-d9e2-4052-b6ee-efe6c8dd4866
    ECS 서비스 메트릭 시도...
    ECS 서비스 메트릭: 데이터 없음
  ⚠️ CPU 메트릭 없음 - 기본값 60% 사용
  📊 로그 엔트리 수: 8
  ⚠️ 응답시간 패턴 매칭 실패 - 샘플 로그 확인:
    로그 1: [GIN] 2025/09/14 - 07:29:19 | 200 |      40.688µs |       10.0.1.90 | GET      "/healthcheck"
    로그 2: [GIN] 2025/09/14 - 07:29:19 | 200 |      26.739µs |      10.0.0.153 | GET      "/healthcheck"
    로그 3: [GIN] 2025/09/14 - 07:28:49 | 200 |       26.63µs |       10.0.1.90 | GET      "/healthcheck"
    로그 4: [GIN] 2025/09/14 - 07:28:49 | 200 |      27.084µs |      10.0.0.153 | GET      "/healthcheck"
    로그 5: [GIN] 2025/09/14 - 07:28:19 | 200 |      46.664µs |       10.0.1.90 | GET      "/healthcheck"
  ⚠️ 기본 응답시간 0.25초 사용
  ✅ 메트릭 수집 완료
  📊 현재 상태: 1개 태스크
  🟢 응답시간: 0.2500s (임계: 0.3s)
  🟢 CPU 사용률: 60.0% (임계: 70%)

⏰ 다음 체크까지 5초 대기...

================================================================================
🔄 사이클 #3 - 2025-09-14 16:30:32
================================================================================
💻 EC2 인스턴스: 0/0개 실행 중

--- product-svc 모니터링 (16:30:32) ---
  📊 product-svc: 원하는 1, 실행중 1, 대기중 0
  🔄 메트릭 수집 시작...
  🔍 CPU 메트릭 조회: product-svc
  📋 로그 조회: /ecs/logs/product
    쿼리 ID: b74ba257-4f14-4099-b5c0-0b10fb0a4edc
    ECS 서비스 메트릭 시도...
    ECS 서비스 메트릭: 데이터 없음
  ⚠️ CPU 메트릭 없음 - 기본값 60% 사용
  📊 로그 엔트리 수: 4
  ⚠️ 응답시간 패턴 매칭 실패 - 샘플 로그 확인:
    로그 1: [GIN] 2025/09/14 - 07:28:25 | 200 |      57.668µs |       10.0.1.90 | GET      "/healthcheck"
    로그 2: [GIN] 2025/09/14 - 07:28:25 | 200 |      27.001µs |      10.0.0.153 | GET      "/healthcheck"
    로그 3: [GIN] 2025/09/14 - 07:27:55 | 200 |      27.177µs |       10.0.1.90 | GET      "/healthcheck"
    로그 4: [GIN] 2025/09/14 - 07:27:55 | 200 |      30.259µs |      10.0.0.153 | GET      "/healthcheck"
  ⚠️ 기본 응답시간 0.25초 사용
  ✅ 메트릭 수집 완료
  📊 현재 상태: 1개 태스크
  🟢 응답시간: 0.2500s (임계: 0.3s)
  🟢 CPU 사용률: 60.0% (임계: 70%)

--- stress-svc 모니터링 (16:30:33) ---
  📊 stress-svc: 원하는 1, 실행중 1, 대기중 0
  🔄 메트릭 수집 시작...
  🔍 CPU 메트릭 조회: stress-svc
  📋 로그 조회: /ecs/logs/stress
    쿼리 ID: d264d139-c9e7-4f3b-a62a-e93a4b6b119c
    ECS 서비스 메트릭 시도...
    ECS 서비스 메트릭: 데이터 없음
  ⚠️ CPU 메트릭 없음 - 기본값 60% 사용
  📊 로그 엔트리 수: 6
  ⚠️ 응답시간 패턴 매칭 실패 - 샘플 로그 확인:
    로그 1: [GIN] 2025/09/14 - 07:28:41 | 200 |     116.921µs |      10.0.0.153 | GET      "/healthcheck"
    로그 2: [GIN] 2025/09/14 - 07:28:41 | 200 |     146.852µs |       10.0.1.90 | GET      "/healthcheck"
    로그 3: [GIN] 2025/09/14 - 07:28:11 | 200 |      89.175µs |      10.0.0.153 | GET      "/healthcheck"
    로그 4: [GIN] 2025/09/14 - 07:28:11 | 200 |     184.069µs |       10.0.1.90 | GET      "/healthcheck"
    로그 5: [GIN] 2025/09/14 - 07:27:41 | 200 |      69.402µs |      10.0.0.153 | GET      "/healthcheck"
  ⚠️ 기본 응답시간 0.25초 사용
  ✅ 메트릭 수집 완료
  📊 현재 상태: 1개 태스크
  🟢 응답시간: 0.2500s (임계: 0.5s)
  🟢 CPU 사용률: 60.0% (임계: 80%)

--- user-svc 모니터링 (16:30:34) ---
  📊 user-svc: 원하는 1, 실행중 1, 대기중 0
  🔄 메트릭 수집 시작...
  🔍 CPU 메트릭 조회: user-svc  📋 로그 조회: /ecs/logs/user

    쿼리 ID: 2605295d-1d4a-464e-aabe-a979a983a1b0
    ECS 서비스 메트릭 시도...
    ECS 서비스 메트릭: 데이터 없음
  ⚠️ CPU 메트릭 없음 - 기본값 60% 사용
  📊 로그 엔트리 수: 8
  ⚠️ 응답시간 패턴 매칭 실패 - 샘플 로그 확인:
    로그 1: [GIN] 2025/09/14 - 07:29:19 | 200 |      40.688µs |       10.0.1.90 | GET      "/healthcheck"
    로그 2: [GIN] 2025/09/14 - 07:29:19 | 200 |      26.739µs |      10.0.0.153 | GET      "/healthcheck"
    로그 3: [GIN] 2025/09/14 - 07:28:49 | 200 |       26.63µs |       10.0.1.90 | GET      "/healthcheck"
    로그 4: [GIN] 2025/09/14 - 07:28:49 | 200 |      27.084µs |      10.0.0.153 | GET      "/healthcheck"
    로그 5: [GIN] 2025/09/14 - 07:28:19 | 200 |      46.664µs |       10.0.1.90 | GET      "/healthcheck"
  ⚠️ 기본 응답시간 0.25초 사용
  ✅ 메트릭 수집 완료
  📊 현재 상태: 1개 태스크
  🟢 응답시간: 0.2500s (임계: 0.3s)
  🟢 CPU 사용률: 60.0% (임계: 70%)

⏰ 다음 체크까지 5초 대기...

================================================================================
🔄 사이클 #4 - 2025-09-14 16:30:39
================================================================================
💻 EC2 인스턴스: 0/0개 실행 중

--- product-svc 모니터링 (16:30:39) ---
  📊 product-svc: 원하는 1, 실행중 1, 대기중 0
  🔄 메트릭 수집 시작...
  🔍 CPU 메트릭 조회: product-svc
  📋 로그 조회: /ecs/logs/product
    ECS 서비스 메트릭 시도...
    쿼리 ID: d4bcf875-3d73-4f34-b5f0-4828f9a1c798
    ECS 서비스 메트릭: 데이터 없음
  ⚠️ CPU 메트릭 없음 - 기본값 60% 사용
  📊 로그 엔트리 수: 6
  ⚠️ 응답시간 패턴 매칭 실패 - 샘플 로그 확인:
    로그 1: [GIN] 2025/09/14 - 07:29:25 | 200 |      27.136µs |       10.0.1.90 | GET      "/healthcheck"
    로그 2: [GIN] 2025/09/14 - 07:29:25 | 200 |      27.049µs |      10.0.0.153 | GET      "/healthcheck"
    로그 3: [GIN] 2025/09/14 - 07:28:25 | 200 |      57.668µs |       10.0.1.90 | GET      "/healthcheck"
    로그 4: [GIN] 2025/09/14 - 07:28:25 | 200 |      27.001µs |      10.0.0.153 | GET      "/healthcheck"
    로그 5: [GIN] 2025/09/14 - 07:27:55 | 200 |      27.177µs |       10.0.1.90 | GET      "/healthcheck"
  ⚠️ 기본 응답시간 0.25초 사용
  ✅ 메트릭 수집 완료
  📊 현재 상태: 1개 태스크
  🟢 응답시간: 0.2500s (임계: 0.3s)
  🟢 CPU 사용률: 60.0% (임계: 70%)

--- stress-svc 모니터링 (16:30:40) ---
  📊 stress-svc: 원하는 1, 실행중 1, 대기중 0
  🔄 메트릭 수집 시작...
  🔍 CPU 메트릭 조회: stress-svc
  📋 로그 조회: /ecs/logs/stress
    쿼리 ID: b89916f3-34de-435a-be36-068c7071800c
    ECS 서비스 메트릭 시도...
    ECS 서비스 메트릭: 데이터 없음
  ⚠️ CPU 메트릭 없음 - 기본값 60% 사용
  📊 로그 엔트리 수: 6
  ⚠️ 응답시간 패턴 매칭 실패 - 샘플 로그 확인:
    로그 1: [GIN] 2025/09/14 - 07:28:41 | 200 |     116.921µs |      10.0.0.153 | GET      "/healthcheck"
    로그 2: [GIN] 2025/09/14 - 07:28:41 | 200 |     146.852µs |       10.0.1.90 | GET      "/healthcheck"
    로그 3: [GIN] 2025/09/14 - 07:28:11 | 200 |      89.175µs |      10.0.0.153 | GET      "/healthcheck"
    로그 4: [GIN] 2025/09/14 - 07:28:11 | 200 |     184.069µs |       10.0.1.90 | GET      "/healthcheck"
    로그 5: [GIN] 2025/09/14 - 07:27:41 | 200 |      69.402µs |      10.0.0.153 | GET      "/healthcheck"
  ⚠️ 기본 응답시간 0.25초 사용
  ✅ 메트릭 수집 완료
  📊 현재 상태: 1개 태스크
  🟢 응답시간: 0.2500s (임계: 0.5s)
  🟢 CPU 사용률: 60.0% (임계: 80%)

--- user-svc 모니터링 (16:30:40) ---
  📊 user-svc: 원하는 1, 실행중 1, 대기중 0
  🔄 메트릭 수집 시작...
  🔍 CPU 메트릭 조회: user-svc
  📋 로그 조회: /ecs/logs/user
    쿼리 ID: 072608df-1d32-4a8c-95f9-f0e02028d22f
    ECS 서비스 메트릭 시도...
    ECS 서비스 메트릭: 데이터 없음
  ⚠️ CPU 메트릭 없음 - 기본값 60% 사용
  📊 로그 엔트리 수: 8
  ⚠️ 응답시간 패턴 매칭 실패 - 샘플 로그 확인:
    로그 1: [GIN] 2025/09/14 - 07:29:19 | 200 |      40.688µs |       10.0.1.90 | GET      "/healthcheck"
    로그 2: [GIN] 2025/09/14 - 07:29:19 | 200 |      26.739µs |      10.0.0.153 | GET      "/healthcheck"
    로그 3: [GIN] 2025/09/14 - 07:28:49 | 200 |       26.63µs |       10.0.1.90 | GET      "/healthcheck"
    로그 4: [GIN] 2025/09/14 - 07:28:49 | 200 |      27.084µs |      10.0.0.153 | GET      "/healthcheck"
    로그 5: [GIN] 2025/09/14 - 07:28:19 | 200 |      46.664µs |       10.0.1.90 | GET      "/healthcheck"
  ⚠️ 기본 응답시간 0.25초 사용
  ✅ 메트릭 수집 완료
  📊 현재 상태: 1개 태스크
  🟢 응답시간: 0.2500s (임계: 0.3s)
  🟢 CPU 사용률: 60.0% (임계: 70%)

⏰ 다음 체크까지 5초 대기...

================================================================================
🔄 사이클 #5 - 2025-09-14 16:30:46
================================================================================
💻 EC2 인스턴스: 0/0개 실행 중

--- product-svc 모니터링 (16:30:46) ---
  📊 product-svc: 원하는 1, 실행중 1, 대기중 0
  🔄 메트릭 수집 시작...
  🔍 CPU 메트릭 조회: product-svc
  📋 로그 조회: /ecs/logs/product
    쿼리 ID: 88e46477-bf73-49dd-8f27-a98bfae81f35
    ECS 서비스 메트릭 시도...
    ECS 서비스 메트릭: 데이터 없음
  ⚠️ CPU 메트릭 없음 - 기본값 60% 사용
  📊 로그 엔트리 수: 6
  ⚠️ 응답시간 패턴 매칭 실패 - 샘플 로그 확인:
    로그 1: [GIN] 2025/09/14 - 07:29:25 | 200 |      27.136µs |       10.0.1.90 | GET      "/healthcheck"
    로그 2: [GIN] 2025/09/14 - 07:29:25 | 200 |      27.049µs |      10.0.0.153 | GET      "/healthcheck"
    로그 3: [GIN] 2025/09/14 - 07:28:25 | 200 |      57.668µs |       10.0.1.90 | GET      "/healthcheck"
    로그 4: [GIN] 2025/09/14 - 07:28:25 | 200 |      27.001µs |      10.0.0.153 | GET      "/healthcheck"
    로그 5: [GIN] 2025/09/14 - 07:27:55 | 200 |      27.177µs |       10.0.1.90 | GET      "/healthcheck"
  ⚠️ 기본 응답시간 0.25초 사용
  ✅ 메트릭 수집 완료
  📊 현재 상태: 1개 태스크
  🟢 응답시간: 0.2500s (임계: 0.3s)
  🟢 CPU 사용률: 60.0% (임계: 70%)

--- stress-svc 모니터링 (16:30:47) ---
  📊 stress-svc: 원하는 1, 실행중 1, 대기중 0
  🔄 메트릭 수집 시작...
  🔍 CPU 메트릭 조회: stress-svc
  📋 로그 조회: /ecs/logs/stress
    쿼리 ID: 56a0e65b-c8c4-4cf4-9e12-a82c68258a9b
    ECS 서비스 메트릭 시도...
    ECS 서비스 메트릭: 데이터 없음
  ⚠️ CPU 메트릭 없음 - 기본값 60% 사용
  📊 로그 엔트리 수: 4
  ⚠️ 응답시간 패턴 매칭 실패 - 샘플 로그 확인:
    로그 1: [GIN] 2025/09/14 - 07:28:41 | 200 |     116.921µs |      10.0.0.153 | GET      "/healthcheck"
    로그 2: [GIN] 2025/09/14 - 07:28:41 | 200 |     146.852µs |       10.0.1.90 | GET      "/healthcheck"
    로그 3: [GIN] 2025/09/14 - 07:28:11 | 200 |      89.175µs |      10.0.0.153 | GET      "/healthcheck"
    로그 4: [GIN] 2025/09/14 - 07:28:11 | 200 |     184.069µs |       10.0.1.90 | GET      "/healthcheck"
  ⚠️ 기본 응답시간 0.25초 사용
  ✅ 메트릭 수집 완료
  📊 현재 상태: 1개 태스크
  🟢 응답시간: 0.2500s (임계: 0.5s)
  🟢 CPU 사용률: 60.0% (임계: 80%)

--- user-svc 모니터링 (16:30:47) ---
  📊 user-svc: 원하는 1, 실행중 1, 대기중 0
  🔄 메트릭 수집 시작...
  🔍 CPU 메트릭 조회: user-svc
  📋 로그 조회: /ecs/logs/user
    ECS 서비스 메트릭 시도...
    ECS 서비스 메트릭: 데이터 없음
  ⚠️ CPU 메트릭 없음 - 기본값 60% 사용
    쿼리 ID: 5b0b3a8a-514a-4961-b1c0-bbb98e748238
  📊 로그 엔트리 수: 8
  ⚠️ 응답시간 패턴 매칭 실패 - 샘플 로그 확인:
    로그 1: [GIN] 2025/09/14 - 07:29:19 | 200 |      40.688µs |       10.0.1.90 | GET      "/healthcheck"
    로그 2: [GIN] 2025/09/14 - 07:29:19 | 200 |      26.739µs |      10.0.0.153 | GET      "/healthcheck"
    로그 3: [GIN] 2025/09/14 - 07:28:49 | 200 |       26.63µs |       10.0.1.90 | GET      "/healthcheck"
    로그 4: [GIN] 2025/09/14 - 07:28:49 | 200 |      27.084µs |      10.0.0.153 | GET      "/healthcheck"
    로그 5: [GIN] 2025/09/14 - 07:28:19 | 200 |      46.664µs |       10.0.1.90 | GET      "/healthcheck"
  ⚠️ 기본 응답시간 0.25초 사용
  ✅ 메트릭 수집 완료
  📊 현재 상태: 1개 태스크
  🟢 응답시간: 0.2500s (임계: 0.3s)
  🟢 CPU 사용률: 60.0% (임계: 70%)

⏰ 다음 체크까지 5초 대기...

================================================================================
🔄 사이클 #6 - 2025-09-14 16:30:53
================================================================================
💻 EC2 인스턴스: 0/0개 실행 중

--- product-svc 모니터링 (16:30:53) ---
  📊 product-svc: 원하는 1, 실행중 1, 대기중 0
  🔄 메트릭 수집 시작...
  🔍 CPU 메트릭 조회: product-svc
  📋 로그 조회: /ecs/logs/product
    ECS 서비스 메트릭 시도...
    ECS 서비스 메트릭: 데이터 없음
  ⚠️ CPU 메트릭 없음 - 기본값 60% 사용
    쿼리 ID: f7a2cf9d-8488-44eb-95b8-9609e4c8c1e2
  📊 로그 엔트리 수: 6
  ⚠️ 응답시간 패턴 매칭 실패 - 샘플 로그 확인:
    로그 1: [GIN] 2025/09/14 - 07:29:25 | 200 |      27.136µs |       10.0.1.90 | GET      "/healthcheck"
    로그 2: [GIN] 2025/09/14 - 07:29:25 | 200 |      27.049µs |      10.0.0.153 | GET      "/healthcheck"
    로그 3: [GIN] 2025/09/14 - 07:28:25 | 200 |      57.668µs |       10.0.1.90 | GET      "/healthcheck"
    로그 4: [GIN] 2025/09/14 - 07:28:25 | 200 |      27.001µs |      10.0.0.153 | GET      "/healthcheck"
    로그 5: [GIN] 2025/09/14 - 07:27:55 | 200 |      27.177µs |       10.0.1.90 | GET      "/healthcheck"
  ⚠️ 기본 응답시간 0.25초 사용
  ✅ 메트릭 수집 완료
  📊 현재 상태: 1개 태스크
  🟢 응답시간: 0.2500s (임계: 0.3s)
  🟢 CPU 사용률: 60.0% (임계: 70%)

--- stress-svc 모니터링 (16:30:53) ---
  📊 stress-svc: 원하는 1, 실행중 1, 대기중 0
  🔄 메트릭 수집 시작...
  🔍 CPU 메트릭 조회: stress-svc
  📋 로그 조회: /ecs/logs/stress
    쿼리 ID: 074a27f1-eafc-4ecd-8889-22d3380f1f96
    ECS 서비스 메트릭 시도...
    ECS 서비스 메트릭: 데이터 없음
  ⚠️ CPU 메트릭 없음 - 기본값 60% 사용
  📊 로그 엔트리 수: 4
  ⚠️ 응답시간 패턴 매칭 실패 - 샘플 로그 확인:
    로그 1: [GIN] 2025/09/14 - 07:28:41 | 200 |     116.921µs |      10.0.0.153 | GET      "/healthcheck"
    로그 2: [GIN] 2025/09/14 - 07:28:41 | 200 |     146.852µs |       10.0.1.90 | GET      "/healthcheck"
    로그 3: [GIN] 2025/09/14 - 07:28:11 | 200 |      89.175µs |      10.0.0.153 | GET      "/healthcheck"
    로그 4: [GIN] 2025/09/14 - 07:28:11 | 200 |     184.069µs |       10.0.1.90 | GET      "/healthcheck"
  ⚠️ 기본 응답시간 0.25초 사용
  ✅ 메트릭 수집 완료
  📊 현재 상태: 1개 태스크
  🟢 응답시간: 0.2500s (임계: 0.5s)
  🟢 CPU 사용률: 60.0% (임계: 80%)

--- user-svc 모니터링 (16:30:54) ---
  📊 user-svc: 원하는 1, 실행중 1, 대기중 0
  🔄 메트릭 수집 시작...
  🔍 CPU 메트릭 조회: user-svc
  📋 로그 조회: /ecs/logs/user
    쿼리 ID: c6ab9e2e-ad68-4bc1-ba80-89c0c98096f7
    ECS 서비스 메트릭 시도...
    ECS 서비스 메트릭: 데이터 없음
  ⚠️ CPU 메트릭 없음 - 기본값 60% 사용
  📊 로그 엔트리 수: 6
  ⚠️ 응답시간 패턴 매칭 실패 - 샘플 로그 확인:
    로그 1: [GIN] 2025/09/14 - 07:29:19 | 200 |      40.688µs |       10.0.1.90 | GET      "/healthcheck"
    로그 2: [GIN] 2025/09/14 - 07:29:19 | 200 |      26.739µs |      10.0.0.153 | GET      "/healthcheck"
    로그 3: [GIN] 2025/09/14 - 07:28:49 | 200 |       26.63µs |       10.0.1.90 | GET      "/healthcheck"
    로그 4: [GIN] 2025/09/14 - 07:28:49 | 200 |      27.084µs |      10.0.0.153 | GET      "/healthcheck"
    로그 5: [GIN] 2025/09/14 - 07:28:19 | 200 |      46.664µs |       10.0.1.90 | GET      "/healthcheck"
  ⚠️ 기본 응답시간 0.25초 사용
  ✅ 메트릭 수집 완료
  📊 현재 상태: 1개 태스크
  🟢 응답시간: 0.2500s (임계: 0.3s)
  🟢 CPU 사용률: 60.0% (임계: 70%)

⏰ 다음 체크까지 5초 대기...

================================================================================
🔄 사이클 #7 - 2025-09-14 16:30:59
================================================================================
💻 EC2 인스턴스: 0/0개 실행 중

--- product-svc 모니터링 (16:30:59) ---
  📊 product-svc: 원하는 1, 실행중 1, 대기중 0
  🔄 메트릭 수집 시작...
  🔍 CPU 메트릭 조회: product-svc  📋 로그 조회: /ecs/logs/product

    ECS 서비스 메트릭 시도...
    ECS 서비스 메트릭: 데이터 없음
  ⚠️ CPU 메트릭 없음 - 기본값 60% 사용
    쿼리 ID: b39039a5-94bc-4e76-b51d-96fdabaa23d7
  📊 로그 엔트리 수: 8
  ⚠️ 응답시간 패턴 매칭 실패 - 샘플 로그 확인:
    로그 1: [GIN] 2025/09/14 - 07:29:55 | 200 |      35.699µs |       10.0.1.90 | GET      "/healthcheck"
    로그 2: [GIN] 2025/09/14 - 07:29:55 | 200 |      43.979µs |      10.0.0.153 | GET      "/healthcheck"
    로그 3: [GIN] 2025/09/14 - 07:29:25 | 200 |      27.136µs |       10.0.1.90 | GET      "/healthcheck"
    로그 4: [GIN] 2025/09/14 - 07:29:25 | 200 |      27.049µs |      10.0.0.153 | GET      "/healthcheck"
    로그 5: [GIN] 2025/09/14 - 07:28:55 | 200 |      32.335µs |       10.0.1.90 | GET      "/healthcheck"
  ⚠️ 기본 응답시간 0.25초 사용
  ✅ 메트릭 수집 완료
  📊 현재 상태: 1개 태스크
  🟢 응답시간: 0.2500s (임계: 0.3s)
  🟢 CPU 사용률: 60.0% (임계: 70%)

--- stress-svc 모니터링 (16:31:00) ---
  📊 stress-svc: 원하는 1, 실행중 1, 대기중 0
  🔄 메트릭 수집 시작...
  🔍 CPU 메트릭 조회: stress-svc
  📋 로그 조회: /ecs/logs/stress
    쿼리 ID: 6820c353-b066-4388-a8c6-21e71869befc
    ECS 서비스 메트릭 시도...
    ECS 서비스 메트릭: 데이터 없음
  ⚠️ CPU 메트릭 없음 - 기본값 60% 사용
  📊 로그 엔트리 수: 4
  ⚠️ 응답시간 패턴 매칭 실패 - 샘플 로그 확인:
    로그 1: [GIN] 2025/09/14 - 07:28:41 | 200 |     116.921µs |      10.0.0.153 | GET      "/healthcheck"
    로그 2: [GIN] 2025/09/14 - 07:28:41 | 200 |     146.852µs |       10.0.1.90 | GET      "/healthcheck"
    로그 3: [GIN] 2025/09/14 - 07:28:11 | 200 |      89.175µs |      10.0.0.153 | GET      "/healthcheck"
    로그 4: [GIN] 2025/09/14 - 07:28:11 | 200 |     184.069µs |       10.0.1.90 | GET      "/healthcheck"
  ⚠️ 기본 응답시간 0.25초 사용
  ✅ 메트릭 수집 완료
  📊 현재 상태: 1개 태스크
  🟢 응답시간: 0.2500s (임계: 0.5s)
  🟢 CPU 사용률: 60.0% (임계: 80%)

--- user-svc 모니터링 (16:31:01) ---
  📊 user-svc: 원하는 1, 실행중 1, 대기중 0
  🔄 메트릭 수집 시작...
  🔍 CPU 메트릭 조회: user-svc
  📋 로그 조회: /ecs/logs/user
    ECS 서비스 메트릭 시도...
    쿼리 ID: 681905ee-31f8-4601-85d2-f3548d9bb0e6
  📊 로그 엔트리 수: 6
  ⚠️ 응답시간 패턴 매칭 실패 - 샘플 로그 확인:
    로그 1: [GIN] 2025/09/14 - 07:29:19 | 200 |      40.688µs |       10.0.1.90 | GET      "/healthcheck"
    로그 2: [GIN] 2025/09/14 - 07:29:19 | 200 |      26.739µs |      10.0.0.153 | GET      "/healthcheck"
    로그 3: [GIN] 2025/09/14 - 07:28:49 | 200 |       26.63µs |       10.0.1.90 | GET      "/healthcheck"
    로그 4: [GIN] 2025/09/14 - 07:28:49 | 200 |      27.084µs |      10.0.0.153 | GET      "/healthcheck"
    로그 5: [GIN] 2025/09/14 - 07:28:19 | 200 |      46.664µs |       10.0.1.90 | GET      "/healthcheck"
  ⚠️ 기본 응답시간 0.25초 사용
    ECS 서비스 메트릭: 데이터 없음
  ⚠️ CPU 메트릭 없음 - 기본값 60% 사용
  ✅ 메트릭 수집 완료
  📊 현재 상태: 1개 태스크
  🟢 응답시간: 0.2500s (임계: 0.3s)
  🟢 CPU 사용률: 60.0% (임계: 70%)

⏰ 다음 체크까지 5초 대기...

================================================================================
🔄 사이클 #8 - 2025-09-14 16:31:06
================================================================================
💻 EC2 인스턴스: 0/0개 실행 중

--- product-svc 모니터링 (16:31:06) ---
  📊 product-svc: 원하는 1, 실행중 1, 대기중 0
  🔄 메트릭 수집 시작...
  🔍 CPU 메트릭 조회: product-svc
  📋 로그 조회: /ecs/logs/product
    ECS 서비스 메트릭 시도...
    쿼리 ID: af1b6daa-a1f2-4865-962d-e014d1de9af8
    ECS 서비스 메트릭: 데이터 없음
  ⚠️ CPU 메트릭 없음 - 기본값 60% 사용
  📊 로그 엔트리 수: 8
  ⚠️ 응답시간 패턴 매칭 실패 - 샘플 로그 확인:
    로그 1: [GIN] 2025/09/14 - 07:29:55 | 200 |      35.699µs |       10.0.1.90 | GET      "/healthcheck"
    로그 2: [GIN] 2025/09/14 - 07:29:55 | 200 |      43.979µs |      10.0.0.153 | GET      "/healthcheck"
    로그 3: [GIN] 2025/09/14 - 07:29:25 | 200 |      27.136µs |       10.0.1.90 | GET      "/healthcheck"
    로그 4: [GIN] 2025/09/14 - 07:29:25 | 200 |      27.049µs |      10.0.0.153 | GET      "/healthcheck"
    로그 5: [GIN] 2025/09/14 - 07:28:55 | 200 |      32.335µs |       10.0.1.90 | GET      "/healthcheck"
  ⚠️ 기본 응답시간 0.25초 사용
  ✅ 메트릭 수집 완료
  📊 현재 상태: 1개 태스크
  🟢 응답시간: 0.2500s (임계: 0.3s)
  🟢 CPU 사용률: 60.0% (임계: 70%)

--- stress-svc 모니터링 (16:31:07) ---
  📊 stress-svc: 원하는 1, 실행중 1, 대기중 0
  🔄 메트릭 수집 시작...
  🔍 CPU 메트릭 조회: stress-svc
  📋 로그 조회: /ecs/logs/stress
    쿼리 ID: 8501b20d-f09b-4bd5-93e2-850d7e62566c
  📊 로그 엔트리 수: 4
  ⚠️ 응답시간 패턴 매칭 실패 - 샘플 로그 확인:
    로그 1: [GIN] 2025/09/14 - 07:28:41 | 200 |     116.921µs |      10.0.0.153 | GET      "/healthcheck"
    로그 2: [GIN] 2025/09/14 - 07:28:41 | 200 |     146.852µs |       10.0.1.90 | GET      "/healthcheck"
    로그 3: [GIN] 2025/09/14 - 07:28:11 | 200 |      89.175µs |      10.0.0.153 | GET      "/healthcheck"
    로그 4: [GIN] 2025/09/14 - 07:28:11 | 200 |     184.069µs |       10.0.1.90 | GET      "/healthcheck"
  ⚠️ 기본 응답시간 0.25초 사용
    ECS 서비스 메트릭 시도...
    ECS 서비스 메트릭: 데이터 없음
  ⚠️ CPU 메트릭 없음 - 기본값 60% 사용
  ✅ 메트릭 수집 완료
  📊 현재 상태: 1개 태스크
  🟢 응답시간: 0.2500s (임계: 0.5s)
  🟢 CPU 사용률: 60.0% (임계: 80%)

--- user-svc 모니터링 (16:31:07) ---
  📊 user-svc: 원하는 1, 실행중 1, 대기중 0
  🔄 메트릭 수집 시작...
  🔍 CPU 메트릭 조회: user-svc
  📋 로그 조회: /ecs/logs/user
    ECS 서비스 메트릭 시도...
    ECS 서비스 메트릭: 데이터 없음
  ⚠️ CPU 메트릭 없음 - 기본값 60% 사용
    쿼리 ID: 062a1444-daff-4381-adf7-3cc718b2fd95
  📊 로그 엔트리 수: 6
  ⚠️ 응답시간 패턴 매칭 실패 - 샘플 로그 확인:
    로그 1: [GIN] 2025/09/14 - 07:29:19 | 200 |      40.688µs |       10.0.1.90 | GET      "/healthcheck"
    로그 2: [GIN] 2025/09/14 - 07:29:19 | 200 |      26.739µs |      10.0.0.153 | GET      "/healthcheck"
    로그 3: [GIN] 2025/09/14 - 07:28:49 | 200 |       26.63µs |       10.0.1.90 | GET      "/healthcheck"
    로그 4: [GIN] 2025/09/14 - 07:28:49 | 200 |      27.084µs |      10.0.0.153 | GET      "/healthcheck"
    로그 5: [GIN] 2025/09/14 - 07:28:19 | 200 |      46.664µs |       10.0.1.90 | GET      "/healthcheck"
  ⚠️ 기본 응답시간 0.25초 사용
  ✅ 메트릭 수집 완료
  📊 현재 상태: 1개 태스크
  🟢 응답시간: 0.2500s (임계: 0.3s)
  🟢 CPU 사용률: 60.0% (임계: 70%)

⏰ 다음 체크까지 5초 대기...

================================================================================
🔄 사이클 #9 - 2025-09-14 16:31:13
================================================================================
💻 EC2 인스턴스: 0/0개 실행 중

--- product-svc 모니터링 (16:31:13) ---
  📊 product-svc: 원하는 1, 실행중 1, 대기중 0
  🔄 메트릭 수집 시작...
  🔍 CPU 메트릭 조회: product-svc
  📋 로그 조회: /ecs/logs/product
    ECS 서비스 메트릭 시도...
    쿼리 ID: 24eb354f-9225-4f69-8bf6-c00ddf8108b1
    ECS 서비스 메트릭: 데이터 없음
  ⚠️ CPU 메트릭 없음 - 기본값 60% 사용
  📊 로그 엔트리 수: 8
  ⚠️ 응답시간 패턴 매칭 실패 - 샘플 로그 확인:
    로그 1: [GIN] 2025/09/14 - 07:29:55 | 200 |      35.699µs |       10.0.1.90 | GET      "/healthcheck"
    로그 2: [GIN] 2025/09/14 - 07:29:55 | 200 |      43.979µs |      10.0.0.153 | GET      "/healthcheck"
    로그 3: [GIN] 2025/09/14 - 07:29:25 | 200 |      27.136µs |       10.0.1.90 | GET      "/healthcheck"
    로그 4: [GIN] 2025/09/14 - 07:29:25 | 200 |      27.049µs |      10.0.0.153 | GET      "/healthcheck"
    로그 5: [GIN] 2025/09/14 - 07:28:55 | 200 |      32.335µs |       10.0.1.90 | GET      "/healthcheck"
  ⚠️ 기본 응답시간 0.25초 사용
  ✅ 메트릭 수집 완료
  📊 현재 상태: 1개 태스크
  🟢 응답시간: 0.2500s (임계: 0.3s)
  🟢 CPU 사용률: 60.0% (임계: 70%)

--- stress-svc 모니터링 (16:31:14) ---
  📊 stress-svc: 원하는 1, 실행중 1, 대기중 0
  🔄 메트릭 수집 시작...
  🔍 CPU 메트릭 조회: stress-svc  📋 로그 조회: /ecs/logs/stress

    ECS 서비스 메트릭 시도...    쿼리 ID: 0630b8a4-0bd7-4af8-bd1c-0bf14627ae95

    ECS 서비스 메트릭: 데이터 없음
  ⚠️ CPU 메트릭 없음 - 기본값 60% 사용
  📊 로그 엔트리 수: 2
  ⚠️ 응답시간 패턴 매칭 실패 - 샘플 로그 확인:
    로그 1: [GIN] 2025/09/14 - 07:28:41 | 200 |     116.921µs |      10.0.0.153 | GET      "/healthcheck"
    로그 2: [GIN] 2025/09/14 - 07:28:41 | 200 |     146.852µs |       10.0.1.90 | GET      "/healthcheck"
  ⚠️ 기본 응답시간 0.25초 사용
  ✅ 메트릭 수집 완료
  📊 현재 상태: 1개 태스크
  🟢 응답시간: 0.2500s (임계: 0.5s)
  🟢 CPU 사용률: 60.0% (임계: 80%)

--- user-svc 모니터링 (16:31:14) ---
  📊 user-svc: 원하는 1, 실행중 1, 대기중 0
  🔄 메트릭 수집 시작...
  🔍 CPU 메트릭 조회: user-svc
  📋 로그 조회: /ecs/logs/user
    쿼리 ID: a65c44a0-6fe6-4194-814d-79b632dc674c
    ECS 서비스 메트릭 시도...
    ECS 서비스 메트릭: 데이터 없음
  ⚠️ CPU 메트릭 없음 - 기본값 60% 사용
  📊 로그 엔트리 수: 6
  ⚠️ 응답시간 패턴 매칭 실패 - 샘플 로그 확인:
    로그 1: [GIN] 2025/09/14 - 07:29:19 | 200 |      40.688µs |       10.0.1.90 | GET      "/healthcheck"
    로그 2: [GIN] 2025/09/14 - 07:29:19 | 200 |      26.739µs |      10.0.0.153 | GET      "/healthcheck"
    로그 3: [GIN] 2025/09/14 - 07:28:49 | 200 |       26.63µs |       10.0.1.90 | GET      "/healthcheck"
    로그 4: [GIN] 2025/09/14 - 07:28:49 | 200 |      27.084µs |      10.0.0.153 | GET      "/healthcheck"
    로그 5: [GIN] 2025/09/14 - 07:28:19 | 200 |      46.664µs |       10.0.1.90 | GET      "/healthcheck"
  ⚠️ 기본 응답시간 0.25초 사용
  ✅ 메트릭 수집 완료
  📊 현재 상태: 1개 태스크
  🟢 응답시간: 0.2500s (임계: 0.3s)
  🟢 CPU 사용률: 60.0% (임계: 70%)

⏰ 다음 체크까지 5초 대기...

================================================================================
🔄 사이클 #10 - 2025-09-14 16:31:19
================================================================================
💻 EC2 인스턴스: 0/0개 실행 중

--- product-svc 모니터링 (16:31:20) ---
  📊 product-svc: 원하는 1, 실행중 1, 대기중 0
  🔄 메트릭 수집 시작...
  🔍 CPU 메트릭 조회: product-svc
  📋 로그 조회: /ecs/logs/product
    쿼리 ID: cffaf1e8-f236-4175-995c-0375723fb79b
    ECS 서비스 메트릭 시도...
    ECS 서비스 메트릭: 데이터 없음
  ⚠️ CPU 메트릭 없음 - 기본값 60% 사용
  📊 로그 엔트리 수: 8
  ⚠️ 응답시간 패턴 매칭 실패 - 샘플 로그 확인:
    로그 1: [GIN] 2025/09/14 - 07:29:55 | 200 |      35.699µs |       10.0.1.90 | GET      "/healthcheck"
    로그 2: [GIN] 2025/09/14 - 07:29:55 | 200 |      43.979µs |      10.0.0.153 | GET      "/healthcheck"
    로그 3: [GIN] 2025/09/14 - 07:29:25 | 200 |      27.136µs |       10.0.1.90 | GET      "/healthcheck"
    로그 4: [GIN] 2025/09/14 - 07:29:25 | 200 |      27.049µs |      10.0.0.153 | GET      "/healthcheck"
    로그 5: [GIN] 2025/09/14 - 07:28:55 | 200 |      32.335µs |       10.0.1.90 | GET      "/healthcheck"
  ⚠️ 기본 응답시간 0.25초 사용
  ✅ 메트릭 수집 완료
  📊 현재 상태: 1개 태스크
  🟢 응답시간: 0.2500s (임계: 0.3s)
  🟢 CPU 사용률: 60.0% (임계: 70%)

--- stress-svc 모니터링 (16:31:20) ---
  📊 stress-svc: 원하는 1, 실행중 1, 대기중 0
  🔄 메트릭 수집 시작...
  🔍 CPU 메트릭 조회: stress-svc
  📋 로그 조회: /ecs/logs/stress
    ECS 서비스 메트릭 시도...
    ECS 서비스 메트릭: 데이터 없음
  ⚠️ CPU 메트릭 없음 - 기본값 60% 사용
    쿼리 ID: f741f20f-0575-4224-9209-235bb5f772bf
  📊 로그 엔트리 수: 10
  ⚠️ 응답시간 패턴 매칭 실패 - 샘플 로그 확인:
    로그 1: [GIN] 2025/09/14 - 07:30:41 | 200 |      88.302µs |      10.0.0.153 | GET      "/healthcheck"
    로그 2: [GIN] 2025/09/14 - 07:30:41 | 200 |      93.937µs |       10.0.1.90 | GET      "/healthcheck"
    로그 3: [GIN] 2025/09/14 - 07:30:11 | 200 |     134.344µs |      10.0.0.153 | GET      "/healthcheck"
    로그 4: [GIN] 2025/09/14 - 07:30:11 | 200 |     116.709µs |       10.0.1.90 | GET      "/healthcheck"
    로그 5: [GIN] 2025/09/14 - 07:29:41 | 200 |      80.292µs |      10.0.0.153 | GET      "/healthcheck"
  ⚠️ 기본 응답시간 0.25초 사용
  ✅ 메트릭 수집 완료
  📊 현재 상태: 1개 태스크
  🟢 응답시간: 0.2500s (임계: 0.5s)
  🟢 CPU 사용률: 60.0% (임계: 80%)

--- user-svc 모니터링 (16:31:21) ---
  📊 user-svc: 원하는 1, 실행중 1, 대기중 0
  🔄 메트릭 수집 시작...
  🔍 CPU 메트릭 조회: user-svc
  📋 로그 조회: /ecs/logs/user
    ECS 서비스 메트릭 시도...
    쿼리 ID: 81091088-bbfa-46a4-b43e-3ceef10a5690
    ECS 서비스 메트릭: 데이터 없음
  ⚠️ CPU 메트릭 없음 - 기본값 60% 사용
  📊 로그 엔트리 수: 4
  ⚠️ 응답시간 패턴 매칭 실패 - 샘플 로그 확인:
    로그 1: [GIN] 2025/09/14 - 07:29:19 | 200 |      40.688µs |       10.0.1.90 | GET      "/healthcheck"
    로그 2: [GIN] 2025/09/14 - 07:29:19 | 200 |      26.739µs |      10.0.0.153 | GET      "/healthcheck"
    로그 3: [GIN] 2025/09/14 - 07:28:49 | 200 |       26.63µs |       10.0.1.90 | GET      "/healthcheck"
    로그 4: [GIN] 2025/09/14 - 07:28:49 | 200 |      27.084µs |      10.0.0.153 | GET      "/healthcheck"
  ⚠️ 기본 응답시간 0.25초 사용
  ✅ 메트릭 수집 완료
  📊 현재 상태: 1개 태스크
  🟢 응답시간: 0.2500s (임계: 0.3s)
  🟢 CPU 사용률: 60.0% (임계: 70%)

⏰ 다음 체크까지 5초 대기...

================================================================================
🔄 사이클 #11 - 2025-09-14 16:31:26
================================================================================
💻 EC2 인스턴스: 0/0개 실행 중

--- product-svc 모니터링 (16:31:27) ---
  📊 product-svc: 원하는 1, 실행중 1, 대기중 0
  🔄 메트릭 수집 시작...
  🔍 CPU 메트릭 조회: product-svc  📋 로그 조회: /ecs/logs/product

    쿼리 ID: 6de5524d-5366-4993-80ee-84def3fa2675
    ECS 서비스 메트릭 시도...
    ECS 서비스 메트릭: 데이터 없음
  ⚠️ CPU 메트릭 없음 - 기본값 60% 사용
  📊 로그 엔트리 수: 6
  ⚠️ 응답시간 패턴 매칭 실패 - 샘플 로그 확인:
    로그 1: [GIN] 2025/09/14 - 07:29:55 | 200 |      35.699µs |       10.0.1.90 | GET      "/healthcheck"
    로그 2: [GIN] 2025/09/14 - 07:29:55 | 200 |      43.979µs |      10.0.0.153 | GET      "/healthcheck"
    로그 3: [GIN] 2025/09/14 - 07:29:25 | 200 |      27.136µs |       10.0.1.90 | GET      "/healthcheck"
    로그 4: [GIN] 2025/09/14 - 07:29:25 | 200 |      27.049µs |      10.0.0.153 | GET      "/healthcheck"
    로그 5: [GIN] 2025/09/14 - 07:28:55 | 200 |      32.335µs |       10.0.1.90 | GET      "/healthcheck"
  ⚠️ 기본 응답시간 0.25초 사용
  ✅ 메트릭 수집 완료
  📊 현재 상태: 1개 태스크
  🟢 응답시간: 0.2500s (임계: 0.3s)
  🟢 CPU 사용률: 60.0% (임계: 70%)

--- stress-svc 모니터링 (16:31:27) ---
  📊 stress-svc: 원하는 1, 실행중 1, 대기중 0
  🔄 메트릭 수집 시작...
  🔍 CPU 메트릭 조회: stress-svc  📋 로그 조회: /ecs/logs/stress

    쿼리 ID: 4d730ebf-1df3-4d57-a643-e7036349a817
    ECS 서비스 메트릭 시도...
    ECS 서비스 메트릭: 데이터 없음
  ⚠️ CPU 메트릭 없음 - 기본값 60% 사용
  📊 로그 엔트리 수: 10
  ⚠️ 응답시간 패턴 매칭 실패 - 샘플 로그 확인:
    로그 1: [GIN] 2025/09/14 - 07:30:41 | 200 |      88.302µs |      10.0.0.153 | GET      "/healthcheck"
    로그 2: [GIN] 2025/09/14 - 07:30:41 | 200 |      93.937µs |       10.0.1.90 | GET      "/healthcheck"
    로그 3: [GIN] 2025/09/14 - 07:30:11 | 200 |     134.344µs |      10.0.0.153 | GET      "/healthcheck"
    로그 4: [GIN] 2025/09/14 - 07:30:11 | 200 |     116.709µs |       10.0.1.90 | GET      "/healthcheck"
    로그 5: [GIN] 2025/09/14 - 07:29:41 | 200 |      80.292µs |      10.0.0.153 | GET      "/healthcheck"
  ⚠️ 기본 응답시간 0.25초 사용
  ✅ 메트릭 수집 완료
  📊 현재 상태: 1개 태스크
  🟢 응답시간: 0.2500s (임계: 0.5s)
  🟢 CPU 사용률: 60.0% (임계: 80%)

--- user-svc 모니터링 (16:31:28) ---
  📊 user-svc: 원하는 1, 실행중 1, 대기중 0
  🔄 메트릭 수집 시작...
  🔍 CPU 메트릭 조회: user-svc
  📋 로그 조회: /ecs/logs/user
    쿼리 ID: 319f31e0-0031-490e-a8d1-a6af395eeba2
    ECS 서비스 메트릭 시도...
    ECS 서비스 메트릭: 데이터 없음
  ⚠️ CPU 메트릭 없음 - 기본값 60% 사용
  📊 로그 엔트리 수: 200
    📈 응답시간 발견: 2.3923s (원본: 2.392260383)
    📈 응답시간 발견: 2.3923s (원본: 2.392260383)
    📈 응답시간 발견: 2.3498s (원본: 2.349805709)
  📊 응답시간 통계: 평균 0.5575s, 최소 0.0046s, 최대 2.3923s (샘플: 151개)
  ✅ 메트릭 수집 완료
  📊 현재 상태: 1개 태스크
  🔴 응답시간: 0.5575s (임계: 0.3s)
  🟢 CPU 사용률: 60.0% (임계: 70%)

⏰ 다음 체크까지 5초 대기...

================================================================================
🔄 사이클 #12 - 2025-09-14 16:31:34
================================================================================
💻 EC2 인스턴스: 0/0개 실행 중

--- product-svc 모니터링 (16:31:34) ---
  📊 product-svc: 원하는 1, 실행중 1, 대기중 0
  🔄 메트릭 수집 시작...
  🔍 CPU 메트릭 조회: product-svc
  📋 로그 조회: /ecs/logs/product
    쿼리 ID: b7dea402-702c-4705-9a1c-503a83829113
    ECS 서비스 메트릭 시도...
  📊 로그 엔트리 수: 6
  ⚠️ 응답시간 패턴 매칭 실패 - 샘플 로그 확인:
    로그 1: [GIN] 2025/09/14 - 07:29:55 | 200 |      35.699µs |       10.0.1.90 | GET      "/healthcheck"
    로그 2: [GIN] 2025/09/14 - 07:29:55 | 200 |      43.979µs |      10.0.0.153 | GET      "/healthcheck"
    로그 3: [GIN] 2025/09/14 - 07:29:25 | 200 |      27.136µs |       10.0.1.90 | GET      "/healthcheck"
    로그 4: [GIN] 2025/09/14 - 07:29:25 | 200 |      27.049µs |      10.0.0.153 | GET      "/healthcheck"
    로그 5: [GIN] 2025/09/14 - 07:28:55 | 200 |      32.335µs |       10.0.1.90 | GET      "/healthcheck"
  ⚠️ 기본 응답시간 0.25초 사용
    ECS 서비스 메트릭: 데이터 없음
  ⚠️ CPU 메트릭 없음 - 기본값 60% 사용
  ✅ 메트릭 수집 완료
  📊 현재 상태: 1개 태스크
  🟢 응답시간: 0.2500s (임계: 0.3s)
  🟢 CPU 사용률: 60.0% (임계: 70%)

--- stress-svc 모니터링 (16:31:34) ---
  📊 stress-svc: 원하는 1, 실행중 1, 대기중 0
  🔄 메트릭 수집 시작...
  🔍 CPU 메트릭 조회: stress-svc
  📋 로그 조회: /ecs/logs/stress
    쿼리 ID: e28031ac-1b67-46ca-8b26-a3b933a6db06
    ECS 서비스 메트릭 시도...
    ECS 서비스 메트릭: 데이터 없음
  ⚠️ CPU 메트릭 없음 - 기본값 60% 사용
  📊 로그 엔트리 수: 10
  ⚠️ 응답시간 패턴 매칭 실패 - 샘플 로그 확인:
    로그 1: [GIN] 2025/09/14 - 07:30:41 | 200 |      88.302µs |      10.0.0.153 | GET      "/healthcheck"
    로그 2: [GIN] 2025/09/14 - 07:30:41 | 200 |      93.937µs |       10.0.1.90 | GET      "/healthcheck"
    로그 3: [GIN] 2025/09/14 - 07:30:11 | 200 |     134.344µs |      10.0.0.153 | GET      "/healthcheck"
    로그 4: [GIN] 2025/09/14 - 07:30:11 | 200 |     116.709µs |       10.0.1.90 | GET      "/healthcheck"
    로그 5: [GIN] 2025/09/14 - 07:29:41 | 200 |      80.292µs |      10.0.0.153 | GET      "/healthcheck"
  ⚠️ 기본 응답시간 0.25초 사용
  ✅ 메트릭 수집 완료
  📊 현재 상태: 1개 태스크
  🟢 응답시간: 0.2500s (임계: 0.5s)
  🟢 CPU 사용률: 60.0% (임계: 80%)

--- user-svc 모니터링 (16:31:35) ---
  📊 user-svc: 원하는 1, 실행중 1, 대기중 0
  🔄 메트릭 수집 시작...
  🔍 CPU 메트릭 조회: user-svc
  📋 로그 조회: /ecs/logs/user
    쿼리 ID: a397fd96-8cc3-422d-8a22-2071312e7835
    ECS 서비스 메트릭 시도...
    ECS 서비스 메트릭: 데이터 없음
  ⚠️ CPU 메트릭 없음 - 기본값 60% 사용
  📊 로그 엔트리 수: 200
    📈 응답시간 발견: 2.3923s (원본: 2.392260383)
    📈 응답시간 발견: 2.3923s (원본: 2.392260383)
    📈 응답시간 발견: 2.3498s (원본: 2.349805709)
  📊 응답시간 통계: 평균 0.5575s, 최소 0.0046s, 최대 2.3923s (샘플: 151개)
  ✅ 메트릭 수집 완료
  📊 현재 상태: 1개 태스크
  🔴 응답시간: 0.5575s (임계: 0.3s)
  🟢 CPU 사용률: 60.0% (임계: 70%)

⏰ 다음 체크까지 5초 대기...

================================================================================
🔄 사이클 #13 - 2025-09-14 16:31:41
================================================================================
💻 EC2 인스턴스: 0/0개 실행 중

--- product-svc 모니터링 (16:31:41) ---
  📊 product-svc: 원하는 1, 실행중 1, 대기중 0
  🔄 메트릭 수집 시작...
  🔍 CPU 메트릭 조회: product-svc
  📋 로그 조회: /ecs/logs/product
    쿼리 ID: f49b8684-89b8-43a2-9ec9-f0044dce317c
    ECS 서비스 메트릭 시도...
    ECS 서비스 메트릭: 데이터 없음
  ⚠️ CPU 메트릭 없음 - 기본값 60% 사용
  📊 로그 엔트리 수: 6
  ⚠️ 응답시간 패턴 매칭 실패 - 샘플 로그 확인:
    로그 1: [GIN] 2025/09/14 - 07:29:55 | 200 |      35.699µs |       10.0.1.90 | GET      "/healthcheck"
    로그 2: [GIN] 2025/09/14 - 07:29:55 | 200 |      43.979µs |      10.0.0.153 | GET      "/healthcheck"
    로그 3: [GIN] 2025/09/14 - 07:29:25 | 200 |      27.136µs |       10.0.1.90 | GET      "/healthcheck"
    로그 4: [GIN] 2025/09/14 - 07:29:25 | 200 |      27.049µs |      10.0.0.153 | GET      "/healthcheck"
    로그 5: [GIN] 2025/09/14 - 07:28:55 | 200 |      32.335µs |       10.0.1.90 | GET      "/healthcheck"
  ⚠️ 기본 응답시간 0.25초 사용
  ✅ 메트릭 수집 완료
  📊 현재 상태: 1개 태스크
  🟢 응답시간: 0.2500s (임계: 0.3s)
  🟢 CPU 사용률: 60.0% (임계: 70%)

--- stress-svc 모니터링 (16:31:41) ---
  📊 stress-svc: 원하는 1, 실행중 1, 대기중 0
  🔄 메트릭 수집 시작...
  🔍 CPU 메트릭 조회: stress-svc
  📋 로그 조회: /ecs/logs/stress
    ECS 서비스 메트릭 시도...
    ECS 서비스 메트릭: 데이터 없음
  ⚠️ CPU 메트릭 없음 - 기본값 60% 사용
    쿼리 ID: b4879e4c-eb4e-483d-afa5-3b3fab3d5d77
  📊 로그 엔트리 수: 10
  ⚠️ 응답시간 패턴 매칭 실패 - 샘플 로그 확인:
    로그 1: [GIN] 2025/09/14 - 07:30:41 | 200 |      88.302µs |      10.0.0.153 | GET      "/healthcheck"
    로그 2: [GIN] 2025/09/14 - 07:30:41 | 200 |      93.937µs |       10.0.1.90 | GET      "/healthcheck"
    로그 3: [GIN] 2025/09/14 - 07:30:11 | 200 |     134.344µs |      10.0.0.153 | GET      "/healthcheck"
    로그 4: [GIN] 2025/09/14 - 07:30:11 | 200 |     116.709µs |       10.0.1.90 | GET      "/healthcheck"
    로그 5: [GIN] 2025/09/14 - 07:29:41 | 200 |      80.292µs |      10.0.0.153 | GET      "/healthcheck"
  ⚠️ 기본 응답시간 0.25초 사용
  ✅ 메트릭 수집 완료
  📊 현재 상태: 1개 태스크
  🟢 응답시간: 0.2500s (임계: 0.5s)
  🟢 CPU 사용률: 60.0% (임계: 80%)

--- user-svc 모니터링 (16:31:42) ---
  📊 user-svc: 원하는 1, 실행중 1, 대기중 0
  🔄 메트릭 수집 시작...
  🔍 CPU 메트릭 조회: user-svc  📋 로그 조회: /ecs/logs/user

    쿼리 ID: 9f78cd1d-451d-4c4f-8ac5-83ac7090a101
    ECS 서비스 메트릭 시도...
    ECS 서비스 메트릭: 데이터 없음
  ⚠️ CPU 메트릭 없음 - 기본값 60% 사용
  📊 로그 엔트리 수: 200
    📈 응답시간 발견: 1.3132s (원본: 1.313235402)
    📈 응답시간 발견: 1.3132s (원본: 1.313235402)
    📈 응답시간 발견: 1.0094s (원본: 1.009354876)
  📊 응답시간 통계: 평균 0.1748s, 최소 0.0037s, 최대 1.3218s (샘플: 98개)
  ✅ 메트릭 수집 완료
  📊 현재 상태: 1개 태스크
  🟢 응답시간: 0.1748s (임계: 0.3s)
  🟢 CPU 사용률: 60.0% (임계: 70%)

⏰ 다음 체크까지 5초 대기...

================================================================================
🔄 사이클 #14 - 2025-09-14 16:31:48
================================================================================
💻 EC2 인스턴스: 0/0개 실행 중

--- product-svc 모니터링 (16:31:48) ---
  📊 product-svc: 원하는 1, 실행중 1, 대기중 0
  🔄 메트릭 수집 시작...
  🔍 CPU 메트릭 조회: product-svc
  📋 로그 조회: /ecs/logs/product
    쿼리 ID: f5d8add9-520c-4665-bf95-428a704352dc
    ECS 서비스 메트릭 시도...
    ECS 서비스 메트릭: 데이터 없음
  ⚠️ CPU 메트릭 없음 - 기본값 60% 사용
  📊 로그 엔트리 수: 6
  ⚠️ 응답시간 패턴 매칭 실패 - 샘플 로그 확인:
    로그 1: [GIN] 2025/09/14 - 07:29:55 | 200 |      35.699µs |       10.0.1.90 | GET      "/healthcheck"
    로그 2: [GIN] 2025/09/14 - 07:29:55 | 200 |      43.979µs |      10.0.0.153 | GET      "/healthcheck"
    로그 3: [GIN] 2025/09/14 - 07:29:25 | 200 |      27.136µs |       10.0.1.90 | GET      "/healthcheck"
    로그 4: [GIN] 2025/09/14 - 07:29:25 | 200 |      27.049µs |      10.0.0.153 | GET      "/healthcheck"
    로그 5: [GIN] 2025/09/14 - 07:28:55 | 200 |      32.335µs |       10.0.1.90 | GET      "/healthcheck"
  ⚠️ 기본 응답시간 0.25초 사용
  ✅ 메트릭 수집 완료
  📊 현재 상태: 1개 태스크
  🟢 응답시간: 0.2500s (임계: 0.3s)
  🟢 CPU 사용률: 60.0% (임계: 70%)

--- stress-svc 모니터링 (16:31:48) ---
  📊 stress-svc: 원하는 1, 실행중 1, 대기중 0
  🔄 메트릭 수집 시작...
  🔍 CPU 메트릭 조회: stress-svc
  📋 로그 조회: /ecs/logs/stress
    ECS 서비스 메트릭 시도...
    쿼리 ID: b6cbd607-789b-4d08-8de1-5e1fdc752b5e
    ECS 서비스 메트릭: 데이터 없음
  ⚠️ CPU 메트릭 없음 - 기본값 60% 사용
  📊 로그 엔트리 수: 8
  ⚠️ 응답시간 패턴 매칭 실패 - 샘플 로그 확인:
    로그 1: [GIN] 2025/09/14 - 07:30:41 | 200 |      88.302µs |      10.0.0.153 | GET      "/healthcheck"
    로그 2: [GIN] 2025/09/14 - 07:30:41 | 200 |      93.937µs |       10.0.1.90 | GET      "/healthcheck"
    로그 3: [GIN] 2025/09/14 - 07:30:11 | 200 |     134.344µs |      10.0.0.153 | GET      "/healthcheck"
    로그 4: [GIN] 2025/09/14 - 07:30:11 | 200 |     116.709µs |       10.0.1.90 | GET      "/healthcheck"
    로그 5: [GIN] 2025/09/14 - 07:29:41 | 200 |      80.292µs |      10.0.0.153 | GET      "/healthcheck"
  ⚠️ 기본 응답시간 0.25초 사용
  ✅ 메트릭 수집 완료
  📊 현재 상태: 1개 태스크
  🟢 응답시간: 0.2500s (임계: 0.5s)
  🟢 CPU 사용률: 60.0% (임계: 80%)

--- user-svc 모니터링 (16:31:49) ---
  📊 user-svc: 원하는 1, 실행중 1, 대기중 0
  🔄 메트릭 수집 시작...
  🔍 CPU 메트릭 조회: user-svc
  📋 로그 조회: /ecs/logs/user
    쿼리 ID: bf858526-2d9c-42ac-b0a3-fdd6dbf8f836
    ECS 서비스 메트릭 시도...
    ECS 서비스 메트릭: 데이터 없음
  ⚠️ CPU 메트릭 없음 - 기본값 60% 사용
  📊 로그 엔트리 수: 200
    📈 응답시간 발견: 1.3132s (원본: 1.313235402)
    📈 응답시간 발견: 1.3132s (원본: 1.313235402)
    📈 응답시간 발견: 1.0094s (원본: 1.009354876)
  📊 응답시간 통계: 평균 0.1748s, 최소 0.0037s, 최대 1.3218s (샘플: 98개)
  ✅ 메트릭 수집 완료
  📊 현재 상태: 1개 태스크
  🟢 응답시간: 0.1748s (임계: 0.3s)
  🟢 CPU 사용률: 60.0% (임계: 70%)

⏰ 다음 체크까지 5초 대기...

================================================================================
🔄 사이클 #15 - 2025-09-14 16:31:54
================================================================================
💻 EC2 인스턴스: 0/0개 실행 중

--- product-svc 모니터링 (16:31:54) ---
  📊 product-svc: 원하는 1, 실행중 1, 대기중 0
  🔄 메트릭 수집 시작...
  🔍 CPU 메트릭 조회: product-svc
  📋 로그 조회: /ecs/logs/product
    쿼리 ID: 903e4182-a2fe-4cd7-92b6-8a5ff85dc29c
    ECS 서비스 메트릭 시도...
    ECS 서비스 메트릭: 데이터 없음
  ⚠️ CPU 메트릭 없음 - 기본값 60% 사용
  📊 로그 엔트리 수: 6
  ⚠️ 응답시간 패턴 매칭 실패 - 샘플 로그 확인:
    로그 1: [GIN] 2025/09/14 - 07:29:55 | 200 |      35.699µs |       10.0.1.90 | GET      "/healthcheck"
    로그 2: [GIN] 2025/09/14 - 07:29:55 | 200 |      43.979µs |      10.0.0.153 | GET      "/healthcheck"
    로그 3: [GIN] 2025/09/14 - 07:29:25 | 200 |      27.136µs |       10.0.1.90 | GET      "/healthcheck"
    로그 4: [GIN] 2025/09/14 - 07:29:25 | 200 |      27.049µs |      10.0.0.153 | GET      "/healthcheck"
    로그 5: [GIN] 2025/09/14 - 07:28:55 | 200 |      32.335µs |       10.0.1.90 | GET      "/healthcheck"
  ⚠️ 기본 응답시간 0.25초 사용
  ✅ 메트릭 수집 완료
  📊 현재 상태: 1개 태스크
  🟢 응답시간: 0.2500s (임계: 0.3s)
  🟢 CPU 사용률: 60.0% (임계: 70%)

--- stress-svc 모니터링 (16:31:55) ---
  📊 stress-svc: 원하는 1, 실행중 1, 대기중 0
  🔄 메트릭 수집 시작...
  🔍 CPU 메트릭 조회: stress-svc
  📋 로그 조회: /ecs/logs/stress
    쿼리 ID: 4d2bb6a1-28f2-4309-83f6-17d0b8f60abf
    ECS 서비스 메트릭 시도...
    ECS 서비스 메트릭: 데이터 없음
  ⚠️ CPU 메트릭 없음 - 기본값 60% 사용
  📊 로그 엔트리 수: 8
  ⚠️ 응답시간 패턴 매칭 실패 - 샘플 로그 확인:
    로그 1: [GIN] 2025/09/14 - 07:30:41 | 200 |      88.302µs |      10.0.0.153 | GET      "/healthcheck"
    로그 2: [GIN] 2025/09/14 - 07:30:41 | 200 |      93.937µs |       10.0.1.90 | GET      "/healthcheck"
    로그 3: [GIN] 2025/09/14 - 07:30:11 | 200 |     134.344µs |      10.0.0.153 | GET      "/healthcheck"
    로그 4: [GIN] 2025/09/14 - 07:30:11 | 200 |     116.709µs |       10.0.1.90 | GET      "/healthcheck"
    로그 5: [GIN] 2025/09/14 - 07:29:41 | 200 |      80.292µs |      10.0.0.153 | GET      "/healthcheck"
  ⚠️ 기본 응답시간 0.25초 사용
  ✅ 메트릭 수집 완료
  📊 현재 상태: 1개 태스크
  🟢 응답시간: 0.2500s (임계: 0.5s)
  🟢 CPU 사용률: 60.0% (임계: 80%)

--- user-svc 모니터링 (16:31:56) ---
  📊 user-svc: 원하는 1, 실행중 1, 대기중 0
  🔄 메트릭 수집 시작...
  🔍 CPU 메트릭 조회: user-svc
  📋 로그 조회: /ecs/logs/user
    쿼리 ID: 12101eed-ef4d-47f8-bbbc-2cae3aa5e3d5
    ECS 서비스 메트릭 시도...
    ECS 서비스 메트릭: 데이터 없음
  ⚠️ CPU 메트릭 없음 - 기본값 60% 사용
  📊 로그 엔트리 수: 200
    📈 응답시간 발견: 1.3132s (원본: 1.313235402)
    📈 응답시간 발견: 1.3132s (원본: 1.313235402)
    📈 응답시간 발견: 1.0094s (원본: 1.009354876)
  📊 응답시간 통계: 평균 0.1748s, 최소 0.0037s, 최대 1.3218s (샘플: 98개)
  ✅ 메트릭 수집 완료
  📊 현재 상태: 1개 태스크
  🟢 응답시간: 0.1748s (임계: 0.3s)
  🟢 CPU 사용률: 60.0% (임계: 70%)

⏰ 다음 체크까지 5초 대기...

================================================================================
🔄 사이클 #16 - 2025-09-14 16:32:01
================================================================================
💻 EC2 인스턴스: 0/0개 실행 중

--- product-svc 모니터링 (16:32:02) ---
  📊 product-svc: 원하는 1, 실행중 1, 대기중 0
  🔄 메트릭 수집 시작...
  🔍 CPU 메트릭 조회: product-svc
  📋 로그 조회: /ecs/logs/product
    쿼리 ID: 2e4bc138-b771-4f3c-bddb-15516a3e195a
    ECS 서비스 메트릭 시도...
  📊 로그 엔트리 수: 4
  ⚠️ 응답시간 패턴 매칭 실패 - 샘플 로그 확인:
    로그 1: [GIN] 2025/09/14 - 07:29:55 | 200 |      35.699µs |       10.0.1.90 | GET      "/healthcheck"
    로그 2: [GIN] 2025/09/14 - 07:29:55 | 200 |      43.979µs |      10.0.0.153 | GET      "/healthcheck"
    로그 3: [GIN] 2025/09/14 - 07:29:25 | 200 |      27.136µs |       10.0.1.90 | GET      "/healthcheck"
    로그 4: [GIN] 2025/09/14 - 07:29:25 | 200 |      27.049µs |      10.0.0.153 | GET      "/healthcheck"
  ⚠️ 기본 응답시간 0.25초 사용
    ECS 서비스 메트릭: 데이터 없음
  ⚠️ CPU 메트릭 없음 - 기본값 60% 사용
  ✅ 메트릭 수집 완료
  📊 현재 상태: 1개 태스크
  🟢 응답시간: 0.2500s (임계: 0.3s)
  🟢 CPU 사용률: 60.0% (임계: 70%)

--- stress-svc 모니터링 (16:32:02) ---
  📊 stress-svc: 원하는 1, 실행중 1, 대기중 0
  🔄 메트릭 수집 시작...
  🔍 CPU 메트릭 조회: stress-svc
  📋 로그 조회: /ecs/logs/stress
    쿼리 ID: e10c93de-22fb-46af-86f0-bb1a1fab141f
    ECS 서비스 메트릭 시도...
    ECS 서비스 메트릭: 데이터 없음
  ⚠️ CPU 메트릭 없음 - 기본값 60% 사용
  📊 로그 엔트리 수: 8
  ⚠️ 응답시간 패턴 매칭 실패 - 샘플 로그 확인:
    로그 1: [GIN] 2025/09/14 - 07:30:41 | 200 |      88.302µs |      10.0.0.153 | GET      "/healthcheck"
    로그 2: [GIN] 2025/09/14 - 07:30:41 | 200 |      93.937µs |       10.0.1.90 | GET      "/healthcheck"
    로그 3: [GIN] 2025/09/14 - 07:30:11 | 200 |     134.344µs |      10.0.0.153 | GET      "/healthcheck"
    로그 4: [GIN] 2025/09/14 - 07:30:11 | 200 |     116.709µs |       10.0.1.90 | GET      "/healthcheck"
    로그 5: [GIN] 2025/09/14 - 07:29:41 | 200 |      80.292µs |      10.0.0.153 | GET      "/healthcheck"
  ⚠️ 기본 응답시간 0.25초 사용
  ✅ 메트릭 수집 완료
  📊 현재 상태: 1개 태스크
  🟢 응답시간: 0.2500s (임계: 0.5s)
  🟢 CPU 사용률: 60.0% (임계: 80%)

--- user-svc 모니터링 (16:32:03) ---
  📊 user-svc: 원하는 1, 실행중 1, 대기중 0
  🔄 메트릭 수집 시작...
  🔍 CPU 메트릭 조회: user-svc
  📋 로그 조회: /ecs/logs/user
    쿼리 ID: 9db2fb14-5a29-48f2-993b-4ef60ebfb1da
    ECS 서비스 메트릭 시도...
    ECS 서비스 메트릭: 데이터 없음
  ⚠️ CPU 메트릭 없음 - 기본값 60% 사용
  📊 로그 엔트리 수: 200
    📈 응답시간 발견: 1.3132s (원본: 1.313235402)
    📈 응답시간 발견: 1.3132s (원본: 1.313235402)
    📈 응답시간 발견: 1.0094s (원본: 1.009354876)
  📊 응답시간 통계: 평균 0.1748s, 최소 0.0037s, 최대 1.3218s (샘플: 98개)
  ✅ 메트릭 수집 완료
  📊 현재 상태: 1개 태스크
  🟢 응답시간: 0.1748s (임계: 0.3s)
  🟢 CPU 사용률: 60.0% (임계: 70%)

⏰ 다음 체크까지 5초 대기...

================================================================================
🔄 사이클 #17 - 2025-09-14 16:32:09
================================================================================
💻 EC2 인스턴스: 0/0개 실행 중

--- product-svc 모니터링 (16:32:09) ---
  📊 product-svc: 원하는 1, 실행중 1, 대기중 0
  🔄 메트릭 수집 시작...
  🔍 CPU 메트릭 조회: product-svc
  📋 로그 조회: /ecs/logs/product
    쿼리 ID: 877b5477-c403-44df-baea-d8037ffade25
    ECS 서비스 메트릭 시도...
    ECS 서비스 메트릭: 데이터 없음
  ⚠️ CPU 메트릭 없음 - 기본값 60% 사용
  📊 로그 엔트리 수: 4
  ⚠️ 응답시간 패턴 매칭 실패 - 샘플 로그 확인:
    로그 1: [GIN] 2025/09/14 - 07:29:55 | 200 |      35.699µs |       10.0.1.90 | GET      "/healthcheck"
    로그 2: [GIN] 2025/09/14 - 07:29:55 | 200 |      43.979µs |      10.0.0.153 | GET      "/healthcheck"
    로그 3: [GIN] 2025/09/14 - 07:29:25 | 200 |      27.136µs |       10.0.1.90 | GET      "/healthcheck"
    로그 4: [GIN] 2025/09/14 - 07:29:25 | 200 |      27.049µs |      10.0.0.153 | GET      "/healthcheck"
  ⚠️ 기본 응답시간 0.25초 사용
  ✅ 메트릭 수집 완료
  📊 현재 상태: 1개 태스크
  🟢 응답시간: 0.2500s (임계: 0.3s)
  🟢 CPU 사용률: 60.0% (임계: 70%)

--- stress-svc 모니터링 (16:32:09) ---
  📊 stress-svc: 원하는 1, 실행중 1, 대기중 0
  🔄 메트릭 수집 시작...
  🔍 CPU 메트릭 조회: stress-svc
  📋 로그 조회: /ecs/logs/stress
    ECS 서비스 메트릭 시도...
    쿼리 ID: fb71a14f-eef4-414b-bcc4-4586fcf5da4f
    ECS 서비스 메트릭: 데이터 없음
  ⚠️ CPU 메트릭 없음 - 기본값 60% 사용
  📊 로그 엔트리 수: 8
  ⚠️ 응답시간 패턴 매칭 실패 - 샘플 로그 확인:
    로그 1: [GIN] 2025/09/14 - 07:30:41 | 200 |      88.302µs |      10.0.0.153 | GET      "/healthcheck"
    로그 2: [GIN] 2025/09/14 - 07:30:41 | 200 |      93.937µs |       10.0.1.90 | GET      "/healthcheck"
    로그 3: [GIN] 2025/09/14 - 07:30:11 | 200 |     134.344µs |      10.0.0.153 | GET      "/healthcheck"
    로그 4: [GIN] 2025/09/14 - 07:30:11 | 200 |     116.709µs |       10.0.1.90 | GET      "/healthcheck"
    로그 5: [GIN] 2025/09/14 - 07:29:41 | 200 |      80.292µs |      10.0.0.153 | GET      "/healthcheck"
  ⚠️ 기본 응답시간 0.25초 사용
  ✅ 메트릭 수집 완료
  📊 현재 상태: 1개 태스크
  🟢 응답시간: 0.2500s (임계: 0.5s)
  🟢 CPU 사용률: 60.0% (임계: 80%)

--- user-svc 모니터링 (16:32:10) ---
  📊 user-svc: 원하는 1, 실행중 1, 대기중 0
  🔄 메트릭 수집 시작...
  🔍 CPU 메트릭 조회: user-svc  📋 로그 조회: /ecs/logs/user

    쿼리 ID: bb6911a0-2801-447c-910c-cdfe2456e9fb
    ECS 서비스 메트릭 시도...
    ECS 서비스 메트릭: 데이터 없음
  ⚠️ CPU 메트릭 없음 - 기본값 60% 사용
  📊 로그 엔트리 수: 200
    📈 응답시간 발견: 1.0094s (원본: 1.009354876)
    📈 응답시간 발견: 1.0094s (원본: 1.009354876)
    📈 응답시간 발견: 1.3132s (원본: 1.313235402)
  📊 응답시간 통계: 평균 0.1746s, 최소 0.0037s, 최대 1.3218s (샘플: 98개)
  ✅ 메트릭 수집 완료
  📊 현재 상태: 1개 태스크
  🟢 응답시간: 0.1746s (임계: 0.3s)
  🟢 CPU 사용률: 60.0% (임계: 70%)

⏰ 다음 체크까지 5초 대기...

================================================================================
🔄 사이클 #18 - 2025-09-14 16:32:16
================================================================================
💻 EC2 인스턴스: 0/0개 실행 중

--- product-svc 모니터링 (16:32:16) ---
  📊 product-svc: 원하는 1, 실행중 1, 대기중 0
  🔄 메트릭 수집 시작...
  🔍 CPU 메트릭 조회: product-svc
  📋 로그 조회: /ecs/logs/product
    쿼리 ID: a10597e0-f074-4716-8f30-9397b7a46cc8
    ECS 서비스 메트릭 시도...
    ECS 서비스 메트릭: 데이터 없음
  ⚠️ CPU 메트릭 없음 - 기본값 60% 사용
  📊 로그 엔트리 수: 8
  ⚠️ 응답시간 패턴 매칭 실패 - 샘플 로그 확인:
    로그 1: [GIN] 2025/09/14 - 07:30:55 | 200 |       26.87µs |       10.0.1.90 | GET      "/healthcheck"
    로그 2: [GIN] 2025/09/14 - 07:30:55 | 200 |      36.114µs |      10.0.0.153 | GET      "/healthcheck"
    로그 3: [GIN] 2025/09/14 - 07:30:25 | 200 |      38.205µs |       10.0.1.90 | GET      "/healthcheck"
    로그 4: [GIN] 2025/09/14 - 07:30:25 | 200 |      27.066µs |      10.0.0.153 | GET      "/healthcheck"
    로그 5: [GIN] 2025/09/14 - 07:29:55 | 200 |      35.699µs |       10.0.1.90 | GET      "/healthcheck"
  ⚠️ 기본 응답시간 0.25초 사용
  ✅ 메트릭 수집 완료
  📊 현재 상태: 1개 태스크
  🟢 응답시간: 0.2500s (임계: 0.3s)
  🟢 CPU 사용률: 60.0% (임계: 70%)

--- stress-svc 모니터링 (16:32:16) ---
  📊 stress-svc: 원하는 1, 실행중 1, 대기중 0
  🔄 메트릭 수집 시작...
  🔍 CPU 메트릭 조회: stress-svc
  📋 로그 조회: /ecs/logs/stress
    쿼리 ID: f8b381e1-e0de-4bd8-b338-8eef1e8de374
    ECS 서비스 메트릭 시도...
    ECS 서비스 메트릭: 데이터 없음
  ⚠️ CPU 메트릭 없음 - 기본값 60% 사용
  📊 로그 엔트리 수: 6
  ⚠️ 응답시간 패턴 매칭 실패 - 샘플 로그 확인:
    로그 1: [GIN] 2025/09/14 - 07:30:41 | 200 |      88.302µs |      10.0.0.153 | GET      "/healthcheck"
    로그 2: [GIN] 2025/09/14 - 07:30:41 | 200 |      93.937µs |       10.0.1.90 | GET      "/healthcheck"
    로그 3: [GIN] 2025/09/14 - 07:30:11 | 200 |     134.344µs |      10.0.0.153 | GET      "/healthcheck"
    로그 4: [GIN] 2025/09/14 - 07:30:11 | 200 |     116.709µs |       10.0.1.90 | GET      "/healthcheck"
    로그 5: [GIN] 2025/09/14 - 07:29:41 | 200 |      80.292µs |      10.0.0.153 | GET      "/healthcheck"
  ⚠️ 기본 응답시간 0.25초 사용
  ✅ 메트릭 수집 완료
  📊 현재 상태: 1개 태스크
  🟢 응답시간: 0.2500s (임계: 0.5s)
  🟢 CPU 사용률: 60.0% (임계: 80%)

--- user-svc 모니터링 (16:32:17) ---
  📊 user-svc: 원하는 1, 실행중 1, 대기중 0
  🔄 메트릭 수집 시작...
  🔍 CPU 메트릭 조회: user-svc
  📋 로그 조회: /ecs/logs/user
    쿼리 ID: 20a48e7f-3141-4494-88af-e92b12f51235
    ECS 서비스 메트릭 시도...
    ECS 서비스 메트릭: 데이터 없음
  ⚠️ CPU 메트릭 없음 - 기본값 60% 사용
  📊 로그 엔트리 수: 200
    📈 응답시간 발견: 1.3132s (원본: 1.313235402)
    📈 응답시간 발견: 1.3132s (원본: 1.313235402)
    📈 응답시간 발견: 1.0094s (원본: 1.009354876)
  📊 응답시간 통계: 평균 0.1748s, 최소 0.0037s, 최대 1.3218s (샘플: 98개)
  ✅ 메트릭 수집 완료
  📊 현재 상태: 1개 태스크
  🟢 응답시간: 0.1748s (임계: 0.3s)
  🟢 CPU 사용률: 60.0% (임계: 70%)

⏰ 다음 체크까지 5초 대기...

================================================================================
🔄 사이클 #19 - 2025-09-14 16:32:23
================================================================================
💻 EC2 인스턴스: 0/0개 실행 중

--- product-svc 모니터링 (16:32:23) ---
  📊 product-svc: 원하는 1, 실행중 1, 대기중 0
  🔄 메트릭 수집 시작...
  🔍 CPU 메트릭 조회: product-svc
  📋 로그 조회: /ecs/logs/product
    쿼리 ID: d95d42e0-aaa4-44cc-a303-2f52700dc9f9
    ECS 서비스 메트릭 시도...
    ECS 서비스 메트릭: 데이터 없음
  ⚠️ CPU 메트릭 없음 - 기본값 60% 사용
  📊 로그 엔트리 수: 8
  ⚠️ 응답시간 패턴 매칭 실패 - 샘플 로그 확인:
    로그 1: [GIN] 2025/09/14 - 07:30:55 | 200 |       26.87µs |       10.0.1.90 | GET      "/healthcheck"
    로그 2: [GIN] 2025/09/14 - 07:30:55 | 200 |      36.114µs |      10.0.0.153 | GET      "/healthcheck"
    로그 3: [GIN] 2025/09/14 - 07:30:25 | 200 |      38.205µs |       10.0.1.90 | GET      "/healthcheck"
    로그 4: [GIN] 2025/09/14 - 07:30:25 | 200 |      27.066µs |      10.0.0.153 | GET      "/healthcheck"
    로그 5: [GIN] 2025/09/14 - 07:29:55 | 200 |      35.699µs |       10.0.1.90 | GET      "/healthcheck"
  ⚠️ 기본 응답시간 0.25초 사용
  ✅ 메트릭 수집 완료
  📊 현재 상태: 1개 태스크
  🟢 응답시간: 0.2500s (임계: 0.3s)
  🟢 CPU 사용률: 60.0% (임계: 70%)

--- stress-svc 모니터링 (16:32:23) ---
  📊 stress-svc: 원하는 1, 실행중 1, 대기중 0
  🔄 메트릭 수집 시작...
  🔍 CPU 메트릭 조회: stress-svc
  📋 로그 조회: /ecs/logs/stress
    쿼리 ID: 10ebd689-dfc7-4678-8514-adc6653d63fb
    ECS 서비스 메트릭 시도...
  📊 로그 엔트리 수: 6
  ⚠️ 응답시간 패턴 매칭 실패 - 샘플 로그 확인:
    로그 1: [GIN] 2025/09/14 - 07:30:41 | 200 |      88.302µs |      10.0.0.153 | GET      "/healthcheck"
    로그 2: [GIN] 2025/09/14 - 07:30:41 | 200 |      93.937µs |       10.0.1.90 | GET      "/healthcheck"
    로그 3: [GIN] 2025/09/14 - 07:30:11 | 200 |     134.344µs |      10.0.0.153 | GET      "/healthcheck"
    로그 4: [GIN] 2025/09/14 - 07:30:11 | 200 |     116.709µs |       10.0.1.90 | GET      "/healthcheck"
    로그 5: [GIN] 2025/09/14 - 07:29:41 | 200 |      80.292µs |      10.0.0.153 | GET      "/healthcheck"
  ⚠️ 기본 응답시간 0.25초 사용
    ECS 서비스 메트릭: 데이터 없음
  ⚠️ CPU 메트릭 없음 - 기본값 60% 사용
  ✅ 메트릭 수집 완료
  📊 현재 상태: 1개 태스크
  🟢 응답시간: 0.2500s (임계: 0.5s)
  🟢 CPU 사용률: 60.0% (임계: 80%)

--- user-svc 모니터링 (16:32:24) ---
  📊 user-svc: 원하는 1, 실행중 1, 대기중 0
  🔄 메트릭 수집 시작...
  🔍 CPU 메트릭 조회: user-svc
  📋 로그 조회: /ecs/logs/user
    쿼리 ID: 2841ad1d-cf99-442c-9639-185fe8940f91
    ECS 서비스 메트릭 시도...
    ECS 서비스 메트릭: 데이터 없음
  ⚠️ CPU 메트릭 없음 - 기본값 60% 사용
  📊 로그 엔트리 수: 200
    📈 응답시간 발견: 0.8165s (원본: 816.509697)
    📈 응답시간 발견: 0.8165s (원본: 816.509697)
    📈 응답시간 발견: 2.0250s (원본: 2025)
  📊 응답시간 통계: 평균 0.5296s, 최소 0.0042s, 최대 2.0250s (샘플: 193개)
  ✅ 메트릭 수집 완료
  📊 현재 상태: 1개 태스크
  🔴 응답시간: 0.5296s (임계: 0.3s)
  🟢 CPU 사용률: 60.0% (임계: 70%)

⏰ 다음 체크까지 5초 대기...

================================================================================
🔄 사이클 #20 - 2025-09-14 16:32:30
================================================================================
💻 EC2 인스턴스: 0/0개 실행 중

--- product-svc 모니터링 (16:32:30) ---
  📊 product-svc: 원하는 1, 실행중 1, 대기중 0
  🔄 메트릭 수집 시작...
  🔍 CPU 메트릭 조회: product-svc
  📋 로그 조회: /ecs/logs/product
    쿼리 ID: dc3015cd-7d78-4fff-91cc-fedf0e53c180
    ECS 서비스 메트릭 시도...
    ECS 서비스 메트릭: 데이터 없음
  ⚠️ CPU 메트릭 없음 - 기본값 60% 사용
  📊 로그 엔트리 수: 6
  ⚠️ 응답시간 패턴 매칭 실패 - 샘플 로그 확인:
    로그 1: [GIN] 2025/09/14 - 07:30:55 | 200 |       26.87µs |       10.0.1.90 | GET      "/healthcheck"
    로그 2: [GIN] 2025/09/14 - 07:30:55 | 200 |      36.114µs |      10.0.0.153 | GET      "/healthcheck"
    로그 3: [GIN] 2025/09/14 - 07:30:25 | 200 |      38.205µs |       10.0.1.90 | GET      "/healthcheck"
    로그 4: [GIN] 2025/09/14 - 07:30:25 | 200 |      27.066µs |      10.0.0.153 | GET      "/healthcheck"
    로그 5: [GIN] 2025/09/14 - 07:29:55 | 200 |      35.699µs |       10.0.1.90 | GET      "/healthcheck"
  ⚠️ 기본 응답시간 0.25초 사용
  ✅ 메트릭 수집 완료
  📊 현재 상태: 1개 태스크
  🟢 응답시간: 0.2500s (임계: 0.3s)
  🟢 CPU 사용률: 60.0% (임계: 70%)

--- stress-svc 모니터링 (16:32:31) ---
  📊 stress-svc: 원하는 1, 실행중 1, 대기중 0
  🔄 메트릭 수집 시작...
  🔍 CPU 메트릭 조회: stress-svc
  📋 로그 조회: /ecs/logs/stress
    쿼리 ID: 495caaa7-fa00-44b4-94ba-68e309ee9095
    ECS 서비스 메트릭 시도...
    ECS 서비스 메트릭: 데이터 없음
  ⚠️ CPU 메트릭 없음 - 기본값 60% 사용
  📊 로그 엔트리 수: 6
  ⚠️ 응답시간 패턴 매칭 실패 - 샘플 로그 확인:
    로그 1: [GIN] 2025/09/14 - 07:30:41 | 200 |      88.302µs |      10.0.0.153 | GET      "/healthcheck"
    로그 2: [GIN] 2025/09/14 - 07:30:41 | 200 |      93.937µs |       10.0.1.90 | GET      "/healthcheck"
    로그 3: [GIN] 2025/09/14 - 07:30:11 | 200 |     134.344µs |      10.0.0.153 | GET      "/healthcheck"
    로그 4: [GIN] 2025/09/14 - 07:30:11 | 200 |     116.709µs |       10.0.1.90 | GET      "/healthcheck"
    로그 5: [GIN] 2025/09/14 - 07:29:41 | 200 |      80.292µs |      10.0.0.153 | GET      "/healthcheck"
  ⚠️ 기본 응답시간 0.25초 사용
  ✅ 메트릭 수집 완료
  📊 현재 상태: 1개 태스크
  🟢 응답시간: 0.2500s (임계: 0.5s)
  🟢 CPU 사용률: 60.0% (임계: 80%)

--- user-svc 모니터링 (16:32:32) ---
  📊 user-svc: 원하는 1, 실행중 1, 대기중 0
  🔄 메트릭 수집 시작...
  🔍 CPU 메트릭 조회: user-svc
  📋 로그 조회: /ecs/logs/user
    ECS 서비스 메트릭 시도...    쿼리 ID: 141c53d4-6cc4-48a4-84f4-b79036f52ef1

    ECS 서비스 메트릭: 데이터 없음
  ⚠️ CPU 메트릭 없음 - 기본값 60% 사용
  📊 로그 엔트리 수: 200
    📈 응답시간 발견: 0.0076s (원본: 7.563379)
    📈 응답시간 발견: 0.0076s (원본: 7.563379)
    📈 응답시간 발견: 2.0250s (원본: 2025)
  📊 응답시간 통계: 평균 0.5254s, 최소 0.0042s, 최대 2.0250s (샘플: 193개)
  ✅ 메트릭 수집 완료
  📊 현재 상태: 1개 태스크
  🔴 응답시간: 0.5254s (임계: 0.3s)
  🟢 CPU 사용률: 60.0% (임계: 70%)

⏰ 다음 체크까지 5초 대기...

================================================================================
🔄 사이클 #21 - 2025-09-14 16:32:37
================================================================================
💻 EC2 인스턴스: 0/0개 실행 중

--- product-svc 모니터링 (16:32:38) ---
  📊 product-svc: 원하는 1, 실행중 1, 대기중 0
  🔄 메트릭 수집 시작...
  🔍 CPU 메트릭 조회: product-svc
  📋 로그 조회: /ecs/logs/product
    ECS 서비스 메트릭 시도...
    쿼리 ID: 5bd04feb-ddcd-4edf-adda-547406410ddf
    ECS 서비스 메트릭: 데이터 없음
  ⚠️ CPU 메트릭 없음 - 기본값 60% 사용
  📊 로그 엔트리 수: 8
  ⚠️ 응답시간 패턴 매칭 실패 - 샘플 로그 확인:
    로그 1: [GIN] 2025/09/14 - 07:31:25 | 200 |      28.399µs |       10.0.1.90 | GET      "/healthcheck"
    로그 2: [GIN] 2025/09/14 - 07:31:25 | 200 |      33.937µs |      10.0.0.153 | GET      "/healthcheck"
    로그 3: [GIN] 2025/09/14 - 07:30:55 | 200 |       26.87µs |       10.0.1.90 | GET      "/healthcheck"
    로그 4: [GIN] 2025/09/14 - 07:30:55 | 200 |      36.114µs |      10.0.0.153 | GET      "/healthcheck"
    로그 5: [GIN] 2025/09/14 - 07:30:25 | 200 |      38.205µs |       10.0.1.90 | GET      "/healthcheck"
  ⚠️ 기본 응답시간 0.25초 사용
  ✅ 메트릭 수집 완료
  📊 현재 상태: 1개 태스크
  🟢 응답시간: 0.2500s (임계: 0.3s)
  🟢 CPU 사용률: 60.0% (임계: 70%)

--- stress-svc 모니터링 (16:32:38) ---
  📊 stress-svc: 원하는 1, 실행중 1, 대기중 0
  🔄 메트릭 수집 시작...
  🔍 CPU 메트릭 조회: stress-svc
  📋 로그 조회: /ecs/logs/stress
    쿼리 ID: 9ab030da-57e4-4ca8-b623-8d5cc97671b9
    ECS 서비스 메트릭 시도...
    ECS 서비스 메트릭: 데이터 없음
  ⚠️ CPU 메트릭 없음 - 기본값 60% 사용
  📊 로그 엔트리 수: 6
  ⚠️ 응답시간 패턴 매칭 실패 - 샘플 로그 확인:
    로그 1: [GIN] 2025/09/14 - 07:30:41 | 200 |      88.302µs |      10.0.0.153 | GET      "/healthcheck"
    로그 2: [GIN] 2025/09/14 - 07:30:41 | 200 |      93.937µs |       10.0.1.90 | GET      "/healthcheck"
    로그 3: [GIN] 2025/09/14 - 07:30:11 | 200 |     134.344µs |      10.0.0.153 | GET      "/healthcheck"
    로그 4: [GIN] 2025/09/14 - 07:30:11 | 200 |     116.709µs |       10.0.1.90 | GET      "/healthcheck"
    로그 5: [GIN] 2025/09/14 - 07:29:41 | 200 |      80.292µs |      10.0.0.153 | GET      "/healthcheck"
  ⚠️ 기본 응답시간 0.25초 사용
  ✅ 메트릭 수집 완료
  📊 현재 상태: 1개 태스크
  🟢 응답시간: 0.2500s (임계: 0.5s)
  🟢 CPU 사용률: 60.0% (임계: 80%)

--- user-svc 모니터링 (16:32:38) ---
  📊 user-svc: 원하는 1, 실행중 1, 대기중 0
  🔄 메트릭 수집 시작...
  🔍 CPU 메트릭 조회: user-svc
  📋 로그 조회: /ecs/logs/user
    쿼리 ID: 8a0dc4a6-d64c-49db-bb8f-9f2b19515e1e
    ECS 서비스 메트릭 시도...
    ECS 서비스 메트릭: 데이터 없음
  ⚠️ CPU 메트릭 없음 - 기본값 60% 사용
  📊 로그 엔트리 수: 200
    📈 응답시간 발견: 0.8165s (원본: 816.509697)
    📈 응답시간 발견: 0.8165s (원본: 816.509697)
    📈 응답시간 발견: 2.0250s (원본: 2025)
  📊 응답시간 통계: 평균 0.5296s, 최소 0.0042s, 최대 2.0250s (샘플: 193개)
  ✅ 메트릭 수집 완료
  📊 현재 상태: 1개 태스크
  🔴 응답시간: 0.5296s (임계: 0.3s)
  🟢 CPU 사용률: 60.0% (임계: 70%)

⏰ 다음 체크까지 5초 대기...

================================================================================
🔄 사이클 #22 - 2025-09-14 16:32:44
================================================================================
💻 EC2 인스턴스: 0/0개 실행 중

--- product-svc 모니터링 (16:32:44) ---
  📊 product-svc: 원하는 1, 실행중 1, 대기중 0
  🔄 메트릭 수집 시작...
  🔍 CPU 메트릭 조회: product-svc
  📋 로그 조회: /ecs/logs/product
    ECS 서비스 메트릭 시도...
    ECS 서비스 메트릭: 데이터 없음
  ⚠️ CPU 메트릭 없음 - 기본값 60% 사용
    쿼리 ID: 8aa43f04-b759-4dc3-b841-42ff06465216
  📊 로그 엔트리 수: 8
  ⚠️ 응답시간 패턴 매칭 실패 - 샘플 로그 확인:
    로그 1: [GIN] 2025/09/14 - 07:31:25 | 200 |      28.399µs |       10.0.1.90 | GET      "/healthcheck"
    로그 2: [GIN] 2025/09/14 - 07:31:25 | 200 |      33.937µs |      10.0.0.153 | GET      "/healthcheck"
    로그 3: [GIN] 2025/09/14 - 07:30:55 | 200 |       26.87µs |       10.0.1.90 | GET      "/healthcheck"
    로그 4: [GIN] 2025/09/14 - 07:30:55 | 200 |      36.114µs |      10.0.0.153 | GET      "/healthcheck"
    로그 5: [GIN] 2025/09/14 - 07:30:25 | 200 |      38.205µs |       10.0.1.90 | GET      "/healthcheck"
  ⚠️ 기본 응답시간 0.25초 사용
  ✅ 메트릭 수집 완료
  📊 현재 상태: 1개 태스크
  🟢 응답시간: 0.2500s (임계: 0.3s)
  🟢 CPU 사용률: 60.0% (임계: 70%)

--- stress-svc 모니터링 (16:32:45) ---
  📊 stress-svc: 원하는 1, 실행중 1, 대기중 0
  🔄 메트릭 수집 시작...
  🔍 CPU 메트릭 조회: stress-svc
  📋 로그 조회: /ecs/logs/stress
    ECS 서비스 메트릭 시도...
    ECS 서비스 메트릭: 데이터 없음
  ⚠️ CPU 메트릭 없음 - 기본값 60% 사용
    쿼리 ID: 44ab1645-a682-4021-842b-397ec206f814
  📊 로그 엔트리 수: 4
  ⚠️ 응답시간 패턴 매칭 실패 - 샘플 로그 확인:
    로그 1: [GIN] 2025/09/14 - 07:30:41 | 200 |      88.302µs |      10.0.0.153 | GET      "/healthcheck"
    로그 2: [GIN] 2025/09/14 - 07:30:41 | 200 |      93.937µs |       10.0.1.90 | GET      "/healthcheck"
    로그 3: [GIN] 2025/09/14 - 07:30:11 | 200 |     134.344µs |      10.0.0.153 | GET      "/healthcheck"
    로그 4: [GIN] 2025/09/14 - 07:30:11 | 200 |     116.709µs |       10.0.1.90 | GET      "/healthcheck"
  ⚠️ 기본 응답시간 0.25초 사용
  ✅ 메트릭 수집 완료
  📊 현재 상태: 1개 태스크
  🟢 응답시간: 0.2500s (임계: 0.5s)
  🟢 CPU 사용률: 60.0% (임계: 80%)

--- user-svc 모니터링 (16:32:45) ---
  📊 user-svc: 원하는 1, 실행중 1, 대기중 0
  🔄 메트릭 수집 시작...
  🔍 CPU 메트릭 조회: user-svc
  📋 로그 조회: /ecs/logs/user
    쿼리 ID: 29e21384-22dc-4f2a-90a9-74c0a4544a80
    ECS 서비스 메트릭 시도...
    ECS 서비스 메트릭: 데이터 없음
  ⚠️ CPU 메트릭 없음 - 기본값 60% 사용
  📊 로그 엔트리 수: 200
    📈 응답시간 발견: 0.0076s (원본: 7.563379)
    📈 응답시간 발견: 0.0076s (원본: 7.563379)
    📈 응답시간 발견: 2.0250s (원본: 2025)
  📊 응답시간 통계: 평균 0.5254s, 최소 0.0042s, 최대 2.0250s (샘플: 193개)
  ✅ 메트릭 수집 완료
  📊 현재 상태: 1개 태스크
  🔴 응답시간: 0.5254s (임계: 0.3s)
  🟢 CPU 사용률: 60.0% (임계: 70%)

⏰ 다음 체크까지 5초 대기...

================================================================================
🔄 사이클 #23 - 2025-09-14 16:32:51
================================================================================
💻 EC2 인스턴스: 0/0개 실행 중

--- product-svc 모니터링 (16:32:51) ---
  📊 product-svc: 원하는 1, 실행중 1, 대기중 0
  🔄 메트릭 수집 시작...
  🔍 CPU 메트릭 조회: product-svc
  📋 로그 조회: /ecs/logs/product
    ECS 서비스 메트릭 시도...
    쿼리 ID: 4051cb27-54b5-4f10-a321-70fe1ce0dfa6
    ECS 서비스 메트릭: 데이터 없음
  ⚠️ CPU 메트릭 없음 - 기본값 60% 사용
  📊 로그 엔트리 수: 8
  ⚠️ 응답시간 패턴 매칭 실패 - 샘플 로그 확인:
    로그 1: [GIN] 2025/09/14 - 07:31:25 | 200 |      28.399µs |       10.0.1.90 | GET      "/healthcheck"
    로그 2: [GIN] 2025/09/14 - 07:31:25 | 200 |      33.937µs |      10.0.0.153 | GET      "/healthcheck"
    로그 3: [GIN] 2025/09/14 - 07:30:55 | 200 |       26.87µs |       10.0.1.90 | GET      "/healthcheck"
    로그 4: [GIN] 2025/09/14 - 07:30:55 | 200 |      36.114µs |      10.0.0.153 | GET      "/healthcheck"
    로그 5: [GIN] 2025/09/14 - 07:30:25 | 200 |      38.205µs |       10.0.1.90 | GET      "/healthcheck"
  ⚠️ 기본 응답시간 0.25초 사용
  ✅ 메트릭 수집 완료
  📊 현재 상태: 1개 태스크
  🟢 응답시간: 0.2500s (임계: 0.3s)
  🟢 CPU 사용률: 60.0% (임계: 70%)

--- stress-svc 모니터링 (16:32:52) ---
  📊 stress-svc: 원하는 1, 실행중 1, 대기중 0
  🔄 메트릭 수집 시작...
  🔍 CPU 메트릭 조회: stress-svc
  📋 로그 조회: /ecs/logs/stress
    쿼리 ID: 5682675c-e741-48d9-a444-f5e85c4bee9f
    ECS 서비스 메트릭 시도...
  📊 로그 엔트리 수: 4
  ⚠️ 응답시간 패턴 매칭 실패 - 샘플 로그 확인:
    로그 1: [GIN] 2025/09/14 - 07:30:41 | 200 |      88.302µs |      10.0.0.153 | GET      "/healthcheck"
    로그 2: [GIN] 2025/09/14 - 07:30:41 | 200 |      93.937µs |       10.0.1.90 | GET      "/healthcheck"
    로그 3: [GIN] 2025/09/14 - 07:30:11 | 200 |     134.344µs |      10.0.0.153 | GET      "/healthcheck"
    로그 4: [GIN] 2025/09/14 - 07:30:11 | 200 |     116.709µs |       10.0.1.90 | GET      "/healthcheck"
  ⚠️ 기본 응답시간 0.25초 사용
    ECS 서비스 메트릭: 데이터 없음
  ⚠️ CPU 메트릭 없음 - 기본값 60% 사용
  ✅ 메트릭 수집 완료
  📊 현재 상태: 1개 태스크
  🟢 응답시간: 0.2500s (임계: 0.5s)
  🟢 CPU 사용률: 60.0% (임계: 80%)

--- user-svc 모니터링 (16:32:52) ---
  📊 user-svc: 원하는 1, 실행중 1, 대기중 0
  🔄 메트릭 수집 시작...
  🔍 CPU 메트릭 조회: user-svc
  📋 로그 조회: /ecs/logs/user
    쿼리 ID: b6362015-2fe7-4456-92ae-83f31847f0ee
    ECS 서비스 메트릭 시도...
    ECS 서비스 메트릭: 데이터 없음
  ⚠️ CPU 메트릭 없음 - 기본값 60% 사용
  📊 로그 엔트리 수: 200
    📈 응답시간 발견: 0.8165s (원본: 816.509697)
    📈 응답시간 발견: 0.8165s (원본: 816.509697)
    📈 응답시간 발견: 2.0250s (원본: 2025)
  📊 응답시간 통계: 평균 0.5296s, 최소 0.0042s, 최대 2.0250s (샘플: 193개)
  ✅ 메트릭 수집 완료
  📊 현재 상태: 1개 태스크
  🔴 응답시간: 0.5296s (임계: 0.3s)
  🟢 CPU 사용률: 60.0% (임계: 70%)

⏰ 다음 체크까지 5초 대기...

================================================================================
🔄 사이클 #24 - 2025-09-14 16:32:58
================================================================================
💻 EC2 인스턴스: 0/0개 실행 중

--- product-svc 모니터링 (16:32:58) ---
  📊 product-svc: 원하는 1, 실행중 1, 대기중 0
  🔄 메트릭 수집 시작...
  🔍 CPU 메트릭 조회: product-svc
  📋 로그 조회: /ecs/logs/product
    쿼리 ID: 0360b792-945f-4bb0-9732-a0d655d4cd35
    ECS 서비스 메트릭 시도...
    ECS 서비스 메트릭: 데이터 없음
  ⚠️ CPU 메트릭 없음 - 기본값 60% 사용
  📊 로그 엔트리 수: 8
  ⚠️ 응답시간 패턴 매칭 실패 - 샘플 로그 확인:
    로그 1: [GIN] 2025/09/14 - 07:32:25 | 200 |      42.456µs |       10.0.1.90 | GET      "/healthcheck"
    로그 2: [GIN] 2025/09/14 - 07:32:25 | 200 |     117.572µs |      10.0.0.153 | GET      "/healthcheck"
    로그 3: [GIN] 2025/09/14 - 07:31:25 | 200 |      28.399µs |       10.0.1.90 | GET      "/healthcheck"
    로그 4: [GIN] 2025/09/14 - 07:31:25 | 200 |      33.937µs |      10.0.0.153 | GET      "/healthcheck"
    로그 5: [GIN] 2025/09/14 - 07:30:55 | 200 |       26.87µs |       10.0.1.90 | GET      "/healthcheck"
  ⚠️ 기본 응답시간 0.25초 사용
  ✅ 메트릭 수집 완료
  📊 현재 상태: 1개 태스크
  🟢 응답시간: 0.2500s (임계: 0.3s)
  🟢 CPU 사용률: 60.0% (임계: 70%)

--- stress-svc 모니터링 (16:32:59) ---
  📊 stress-svc: 원하는 1, 실행중 1, 대기중 0
  🔄 메트릭 수집 시작...
  🔍 CPU 메트릭 조회: stress-svc
  📋 로그 조회: /ecs/logs/stress
    ECS 서비스 메트릭 시도...
    쿼리 ID: 0892649b-8117-4e29-b137-4da9328efc99
    ECS 서비스 메트릭: 데이터 없음
  ⚠️ CPU 메트릭 없음 - 기본값 60% 사용
  📊 로그 엔트리 수: 6
  ⚠️ 응답시간 패턴 매칭 실패 - 샘플 로그 확인:
    로그 1: [GIN] 2025/09/14 - 07:31:11 | 200 |      66.402µs |      10.0.0.153 | GET      "/healthcheck"
    로그 2: [GIN] 2025/09/14 - 07:31:11 | 200 |     120.748µs |       10.0.1.90 | GET      "/healthcheck"
    로그 3: [GIN] 2025/09/14 - 07:30:41 | 200 |      88.302µs |      10.0.0.153 | GET      "/healthcheck"
    로그 4: [GIN] 2025/09/14 - 07:30:41 | 200 |      93.937µs |       10.0.1.90 | GET      "/healthcheck"
    로그 5: [GIN] 2025/09/14 - 07:30:11 | 200 |     134.344µs |      10.0.0.153 | GET      "/healthcheck"
  ⚠️ 기본 응답시간 0.25초 사용
  ✅ 메트릭 수집 완료
  📊 현재 상태: 1개 태스크
  🟢 응답시간: 0.2500s (임계: 0.5s)
  🟢 CPU 사용률: 60.0% (임계: 80%)

--- user-svc 모니터링 (16:33:00) ---
  📊 user-svc: 원하는 1, 실행중 1, 대기중 0
  🔄 메트릭 수집 시작...
  🔍 CPU 메트릭 조회: user-svc
  📋 로그 조회: /ecs/logs/user
    쿼리 ID: 8594f4cb-34fd-4eb6-b78f-7e63e579e4e0
    ECS 서비스 메트릭 시도...
    ECS 서비스 메트릭: 데이터 없음
  ⚠️ CPU 메트릭 없음 - 기본값 60% 사용
  📊 로그 엔트리 수: 200
    📈 응답시간 발견: 0.9108s (원본: 910.760143)
    📈 응답시간 발견: 0.9108s (원본: 910.760143)
    📈 응답시간 발견: 2.0250s (원본: 2025)
  📊 응답시간 통계: 평균 0.5254s, 최소 0.0042s, 최대 2.0250s (샘플: 193개)
  ✅ 메트릭 수집 완료
  📊 현재 상태: 1개 태스크
  🔴 응답시간: 0.5254s (임계: 0.3s)
  🟢 CPU 사용률: 60.0% (임계: 70%)

⏰ 다음 체크까지 5초 대기...

================================================================================
🔄 사이클 #25 - 2025-09-14 16:33:05
================================================================================
💻 EC2 인스턴스: 0/0개 실행 중

--- product-svc 모니터링 (16:33:05) ---
  📊 product-svc: 원하는 1, 실행중 1, 대기중 0
  🔄 메트릭 수집 시작...
  🔍 CPU 메트릭 조회: product-svc
  📋 로그 조회: /ecs/logs/product
    ECS 서비스 메트릭 시도...
    ECS 서비스 메트릭: 데이터 없음
  ⚠️ CPU 메트릭 없음 - 기본값 60% 사용
    쿼리 ID: c8052fc1-5b27-4e2f-b0ff-dc76bf42671a
  📊 로그 엔트리 수: 8
  ⚠️ 응답시간 패턴 매칭 실패 - 샘플 로그 확인:
    로그 1: [GIN] 2025/09/14 - 07:32:25 | 200 |      42.456µs |       10.0.1.90 | GET      "/healthcheck"
    로그 2: [GIN] 2025/09/14 - 07:32:25 | 200 |     117.572µs |      10.0.0.153 | GET      "/healthcheck"
    로그 3: [GIN] 2025/09/14 - 07:31:25 | 200 |      28.399µs |       10.0.1.90 | GET      "/healthcheck"
    로그 4: [GIN] 2025/09/14 - 07:31:25 | 200 |      33.937µs |      10.0.0.153 | GET      "/healthcheck"
    로그 5: [GIN] 2025/09/14 - 07:30:55 | 200 |       26.87µs |       10.0.1.90 | GET      "/healthcheck"
  ⚠️ 기본 응답시간 0.25초 사용
  ✅ 메트릭 수집 완료
  📊 현재 상태: 1개 태스크
  🟢 응답시간: 0.2500s (임계: 0.3s)
  🟢 CPU 사용률: 60.0% (임계: 70%)

--- stress-svc 모니터링 (16:33:06) ---
  📊 stress-svc: 원하는 1, 실행중 1, 대기중 0
  🔄 메트릭 수집 시작...
  🔍 CPU 메트릭 조회: stress-svc
  📋 로그 조회: /ecs/logs/stress
    ECS 서비스 메트릭 시도...
    쿼리 ID: 7b85c15f-760d-4a10-8bf3-a48669e4b425
    ECS 서비스 메트릭: 데이터 없음
  ⚠️ CPU 메트릭 없음 - 기본값 60% 사용
  📊 로그 엔트리 수: 6
  ⚠️ 응답시간 패턴 매칭 실패 - 샘플 로그 확인:
    로그 1: [GIN] 2025/09/14 - 07:31:11 | 200 |      66.402µs |      10.0.0.153 | GET      "/healthcheck"
    로그 2: [GIN] 2025/09/14 - 07:31:11 | 200 |     120.748µs |       10.0.1.90 | GET      "/healthcheck"
    로그 3: [GIN] 2025/09/14 - 07:30:41 | 200 |      88.302µs |      10.0.0.153 | GET      "/healthcheck"
    로그 4: [GIN] 2025/09/14 - 07:30:41 | 200 |      93.937µs |       10.0.1.90 | GET      "/healthcheck"
    로그 5: [GIN] 2025/09/14 - 07:30:11 | 200 |     134.344µs |      10.0.0.153 | GET      "/healthcheck"
  ⚠️ 기본 응답시간 0.25초 사용
  ✅ 메트릭 수집 완료
  📊 현재 상태: 1개 태스크
  🟢 응답시간: 0.2500s (임계: 0.5s)
  🟢 CPU 사용률: 60.0% (임계: 80%)

--- user-svc 모니터링 (16:33:07) ---
  📊 user-svc: 원하는 1, 실행중 1, 대기중 0
  🔄 메트릭 수집 시작...
  🔍 CPU 메트릭 조회: user-svc
  📋 로그 조회: /ecs/logs/user
    쿼리 ID: 676da0b4-70f0-4e38-9dd1-204d824479f0
    ECS 서비스 메트릭 시도...
    ECS 서비스 메트릭: 데이터 없음
  ⚠️ CPU 메트릭 없음 - 기본값 60% 사용
  📊 로그 엔트리 수: 200
    📈 응답시간 발견: 0.8165s (원본: 816.509697)
    📈 응답시간 발견: 0.8165s (원본: 816.509697)
    📈 응답시간 발견: 2.0250s (원본: 2025)
  📊 응답시간 통계: 평균 0.5249s, 최소 0.0042s, 최대 2.0250s (샘플: 193개)
  ✅ 메트릭 수집 완료
  📊 현재 상태: 1개 태스크
  🔴 응답시간: 0.5249s (임계: 0.3s)
  🟢 CPU 사용률: 60.0% (임계: 70%)

⏰ 다음 체크까지 5초 대기...

================================================================================
🔄 사이클 #26 - 2025-09-14 16:33:13
================================================================================
💻 EC2 인스턴스: 0/0개 실행 중

--- product-svc 모니터링 (16:33:13) ---
  📊 product-svc: 원하는 1, 실행중 1, 대기중 0
  🔄 메트릭 수집 시작...
  🔍 CPU 메트릭 조회: product-svc
  📋 로그 조회: /ecs/logs/product
    ECS 서비스 메트릭 시도...
    쿼리 ID: dcaab0ef-17e2-411f-99a7-db8b35b65fca
    ECS 서비스 메트릭: 데이터 없음
  ⚠️ CPU 메트릭 없음 - 기본값 60% 사용
  📊 로그 엔트리 수: 8
  ⚠️ 응답시간 패턴 매칭 실패 - 샘플 로그 확인:
    로그 1: [GIN] 2025/09/14 - 07:32:25 | 200 |      42.456µs |       10.0.1.90 | GET      "/healthcheck"
    로그 2: [GIN] 2025/09/14 - 07:32:25 | 200 |     117.572µs |      10.0.0.153 | GET      "/healthcheck"
    로그 3: [GIN] 2025/09/14 - 07:31:25 | 200 |      28.399µs |       10.0.1.90 | GET      "/healthcheck"
    로그 4: [GIN] 2025/09/14 - 07:31:25 | 200 |      33.937µs |      10.0.0.153 | GET      "/healthcheck"
    로그 5: [GIN] 2025/09/14 - 07:30:55 | 200 |       26.87µs |       10.0.1.90 | GET      "/healthcheck"
  ⚠️ 기본 응답시간 0.25초 사용
  ✅ 메트릭 수집 완료
  📊 현재 상태: 1개 태스크
  🟢 응답시간: 0.2500s (임계: 0.3s)
  🟢 CPU 사용률: 60.0% (임계: 70%)

--- stress-svc 모니터링 (16:33:13) ---
  📊 stress-svc: 원하는 1, 실행중 1, 대기중 0
  🔄 메트릭 수집 시작...
  🔍 CPU 메트릭 조회: stress-svc
  📋 로그 조회: /ecs/logs/stress
    쿼리 ID: 04d0d36c-b157-4fdd-a27c-58a0f9cc5bd3
    ECS 서비스 메트릭 시도...
    ECS 서비스 메트릭: 데이터 없음
  ⚠️ CPU 메트릭 없음 - 기본값 60% 사용
  📊 로그 엔트리 수: 4
  ⚠️ 응답시간 패턴 매칭 실패 - 샘플 로그 확인:
    로그 1: [GIN] 2025/09/14 - 07:31:11 | 200 |      66.402µs |      10.0.0.153 | GET      "/healthcheck"
    로그 2: [GIN] 2025/09/14 - 07:31:11 | 200 |     120.748µs |       10.0.1.90 | GET      "/healthcheck"
    로그 3: [GIN] 2025/09/14 - 07:30:41 | 200 |      88.302µs |      10.0.0.153 | GET      "/healthcheck"
    로그 4: [GIN] 2025/09/14 - 07:30:41 | 200 |      93.937µs |       10.0.1.90 | GET      "/healthcheck"
  ⚠️ 기본 응답시간 0.25초 사용
  ✅ 메트릭 수집 완료
  📊 현재 상태: 1개 태스크
  🟢 응답시간: 0.2500s (임계: 0.5s)
  🟢 CPU 사용률: 60.0% (임계: 80%)

--- user-svc 모니터링 (16:33:14) ---
  📊 user-svc: 원하는 1, 실행중 1, 대기중 0
  🔄 메트릭 수집 시작...
  🔍 CPU 메트릭 조회: user-svc
  📋 로그 조회: /ecs/logs/user
    쿼리 ID: 8142a2ac-740e-4101-9c53-6442cf22459a
    ECS 서비스 메트릭 시도...
    ECS 서비스 메트릭: 데이터 없음
  ⚠️ CPU 메트릭 없음 - 기본값 60% 사용
  📊 로그 엔트리 수: 200
    📈 응답시간 발견: 0.0076s (원본: 7.563379)
    📈 응답시간 발견: 0.0076s (원본: 7.563379)
    📈 응답시간 발견: 2.0250s (원본: 2025)
  📊 응답시간 통계: 평균 0.5254s, 최소 0.0042s, 최대 2.0250s (샘플: 193개)
  ✅ 메트릭 수집 완료
  📊 현재 상태: 1개 태스크
  🔴 응답시간: 0.5254s (임계: 0.3s)
  🟢 CPU 사용률: 60.0% (임계: 70%)

⏰ 다음 체크까지 5초 대기...
트릭 조회: user-svc  📋 로그 조회: /ecs/logs/user

    ECS 서비스 메트릭 시도...
    쿼리 ID: 6b1338fa-e94b-45fb-92c3-1234cdb37a07
    ECS 서비스 메트릭: 데이터 없음
  ⚠️ CPU 메트릭 없음 - 기본값 60% 사용
  📊 로그 엔트리 수: 200
    📈 응답시간 발견: 0.8165s (원본: 816.509697)
    📈 응답시간 발견: 0.8165s (원본: 816.509697)
    📈 응답시간 발견: 2.0250s (원본: 2025)
  📊 응답시간 통계: 평균 0.5249s, 최소 0.0042s, 최대 2.0250s (샘플: 193개)
  ✅ 메트릭 수집 완료
  📊 현재 상태: 1개 태스크
  🔴 응답시간: 0.5249s (임계: 0.3s)
  🟢 CPU 사용률: 60.0% (임계: 70%)

⏰ 다음 체크까지 5초 대기...
